<?xml version="1.0" encoding="UTF-8"?>
<coverage generated="1775747444725" clover="3.2.0">
  <project timestamp="1775747444725" name="All files">
    <metrics statements="1016" coveredstatements="690" conditionals="619" coveredconditionals="449" methods="148" coveredmethods="108" elements="1783" coveredelements="1247" complexity="0" loc="1016" ncloc="1016" packages="3" files="25" classes="25"/>
    <package name="client.src">
      <metrics statements="179" coveredstatements="62" conditionals="85" coveredconditionals="38" methods="25" coveredmethods="7"/>
      <file name="extension.ts" path="C:\Users\Dylan\FiveSquared\Repos\NewMonorepo\worldkit-vscode\client\src\extension.ts">
        <metrics statements="76" coveredstatements="0" conditionals="20" coveredconditionals="0" methods="13" coveredmethods="0"/>
        <line num="30" count="0" type="stmt"/>
        <line num="31" count="0" type="stmt"/>
        <line num="32" count="0" type="stmt"/>
        <line num="35" count="0" type="cond" truecount="0" falsecount="2"/>
        <line num="36" count="0" type="stmt"/>
        <line num="37" count="0" type="stmt"/>
        <line num="38" count="0" type="stmt"/>
        <line num="41" count="0" type="stmt"/>
        <line num="43" count="0" type="stmt"/>
        <line num="44" count="0" type="stmt"/>
        <line num="47" count="0" type="stmt"/>
        <line num="50" count="0" type="stmt"/>
        <line num="59" count="0" type="stmt"/>
        <line num="60" count="0" type="stmt"/>
        <line num="62" count="0" type="stmt"/>
        <line num="63" count="0" type="stmt"/>
        <line num="65" count="0" type="stmt"/>
        <line num="66" count="0" type="stmt"/>
        <line num="68" count="0" type="stmt"/>
        <line num="69" count="0" type="stmt"/>
        <line num="71" count="0" type="stmt"/>
        <line num="75" count="0" type="cond" truecount="0" falsecount="2"/>
        <line num="76" count="0" type="stmt"/>
        <line num="78" count="0" type="stmt"/>
        <line num="79" count="0" type="stmt"/>
        <line num="82" count="0" type="stmt"/>
        <line num="83" count="0" type="stmt"/>
        <line num="90" count="0" type="stmt"/>
        <line num="93" count="0" type="stmt"/>
        <line num="102" count="0" type="stmt"/>
        <line num="103" count="0" type="stmt"/>
        <line num="106" count="0" type="cond" truecount="0" falsecount="2"/>
        <line num="107" count="0" type="stmt"/>
        <line num="108" count="0" type="stmt"/>
        <line num="111" count="0" type="stmt"/>
        <line num="112" count="0" type="stmt"/>
        <line num="113" count="0" type="stmt"/>
        <line num="114" count="0" type="stmt"/>
        <line num="115" count="0" type="stmt"/>
        <line num="116" count="0" type="stmt"/>
        <line num="117" count="0" type="stmt"/>
        <line num="118" count="0" type="stmt"/>
        <line num="120" count="0" type="stmt"/>
        <line num="125" count="0" type="cond" truecount="0" falsecount="4"/>
        <line num="126" count="0" type="stmt"/>
        <line num="129" count="0" type="cond" truecount="0" falsecount="2"/>
        <line num="130" count="0" type="stmt"/>
        <line num="134" count="0" type="stmt"/>
        <line num="135" count="0" type="stmt"/>
        <line num="136" count="0" type="stmt"/>
        <line num="137" count="0" type="stmt"/>
        <line num="144" count="0" type="stmt"/>
        <line num="146" count="0" type="stmt"/>
        <line num="158" count="0" type="stmt"/>
        <line num="167" count="0" type="stmt"/>
        <line num="174" count="0" type="stmt"/>
        <line num="175" count="0" type="stmt"/>
        <line num="176" count="0" type="stmt"/>
        <line num="179" count="0" type="stmt"/>
        <line num="180" count="0" type="stmt"/>
        <line num="184" count="0" type="stmt"/>
        <line num="185" count="0" type="stmt"/>
        <line num="188" count="0" type="stmt"/>
        <line num="190" count="0" type="stmt"/>
        <line num="192" count="0" type="stmt"/>
        <line num="197" count="0" type="stmt"/>
        <line num="199" count="0" type="stmt"/>
        <line num="204" count="0" type="stmt"/>
        <line num="206" count="0" type="stmt"/>
        <line num="210" count="0" type="stmt"/>
        <line num="212" count="0" type="cond" truecount="0" falsecount="2"/>
        <line num="213" count="0" type="stmt"/>
        <line num="214" count="0" type="stmt"/>
        <line num="217" count="0" type="stmt"/>
        <line num="222" count="0" type="cond" truecount="0" falsecount="2"/>
        <line num="223" count="0" type="stmt"/>
      </file>
      <file name="projectDiscovery.ts" path="C:\Users\Dylan\FiveSquared\Repos\NewMonorepo\worldkit-vscode\client\src\projectDiscovery.ts">
        <metrics statements="45" coveredstatements="45" conditionals="16" coveredconditionals="14" methods="3" coveredmethods="3"/>
        <line num="16" count="1" type="stmt"/>
        <line num="36" count="16" type="stmt"/>
        <line num="37" count="16" type="stmt"/>
        <line num="40" count="16" type="stmt"/>
        <line num="43" count="16" type="stmt"/>
        <line num="52" count="14" type="stmt"/>
        <line num="53" count="14" type="stmt"/>
        <line num="55" count="14" type="stmt"/>
        <line num="57" count="14" type="stmt"/>
        <line num="58" count="13" type="stmt"/>
        <line num="59" count="10" type="stmt"/>
        <line num="60" count="10" type="cond" truecount="1" falsecount="1"/>
        <line num="61" count="10" type="stmt"/>
        <line num="62" count="10" type="stmt"/>
        <line num="68" count="10" type="stmt"/>
        <line num="69" count="10" type="stmt"/>
        <line num="74" count="13" type="stmt"/>
        <line num="77" count="13" type="cond" truecount="2" falsecount="0"/>
        <line num="78" count="4" type="stmt"/>
        <line num="79" count="6" type="stmt"/>
        <line num="83" count="13" type="cond" truecount="4" falsecount="0"/>
        <line num="84" count="3" type="stmt"/>
        <line num="85" count="4" type="stmt"/>
        <line num="86" count="4" type="cond" truecount="2" falsecount="0"/>
        <line num="87" count="3" type="stmt"/>
        <line num="88" count="3" type="stmt"/>
        <line num="94" count="3" type="stmt"/>
        <line num="95" count="3" type="stmt"/>
        <line num="101" count="13" type="stmt"/>
        <line num="102" count="13" type="stmt"/>
        <line num="103" count="5" type="stmt"/>
        <line num="104" count="5" type="cond" truecount="1" falsecount="1"/>
        <line num="106" count="5" type="stmt"/>
        <line num="107" count="5" type="stmt"/>
        <line num="108" count="5" type="stmt"/>
        <line num="109" count="5" type="stmt"/>
        <line num="111" count="5" type="cond" truecount="4" falsecount="0"/>
        <line num="112" count="2" type="stmt"/>
        <line num="113" count="2" type="stmt"/>
        <line num="119" count="2" type="stmt"/>
        <line num="120" count="2" type="stmt"/>
        <line num="130" count="14" type="stmt"/>
        <line num="134" count="17" type="stmt"/>
        <line num="135" count="16" type="stmt"/>
        <line num="137" count="17" type="stmt"/>
      </file>
      <file name="sceneOutline.ts" path="C:\Users\Dylan\FiveSquared\Repos\NewMonorepo\worldkit-vscode\client\src\sceneOutline.ts">
        <metrics statements="19" coveredstatements="17" conditionals="31" coveredconditionals="24" methods="4" coveredmethods="4"/>
        <line num="7" count="1" type="stmt"/>
        <line num="13" count="1" type="stmt"/>
        <line num="23" count="18" type="cond" truecount="16" falsecount="7"/>
        <line num="24" count="1" type="stmt"/>
        <line num="25" count="1" type="stmt"/>
        <line num="26" count="10" type="stmt"/>
        <line num="27" count="1" type="stmt"/>
        <line num="29" count="0" type="stmt"/>
        <line num="38" count="1" type="stmt"/>
        <line num="40" count="2" type="stmt"/>
        <line num="45" count="0" type="stmt"/>
        <line num="46" count="2" type="stmt"/>
        <line num="65" count="4" type="stmt"/>
        <line num="102" count="10" type="stmt"/>
        <line num="103" count="10" type="stmt"/>
        <line num="116" count="10" type="cond" truecount="4" falsecount="0"/>
        <line num="117" count="1" type="stmt"/>
        <line num="124" count="10" type="stmt"/>
        <line num="131" count="6" type="stmt"/>
      </file>
      <file name="sceneOutlineProvider.ts" path="C:\Users\Dylan\FiveSquared\Repos\NewMonorepo\worldkit-vscode\client\src\sceneOutlineProvider.ts">
        <metrics statements="39" coveredstatements="0" conditionals="18" coveredconditionals="0" methods="5" coveredmethods="0"/>
        <line num="24" count="0" type="stmt"/>
        <line num="25" count="0" type="stmt"/>
        <line num="27" count="0" type="stmt"/>
        <line num="31" count="0" type="stmt"/>
        <line num="32" count="0" type="stmt"/>
        <line num="40" count="0" type="stmt"/>
        <line num="41" count="0" type="stmt"/>
        <line num="42" count="0" type="stmt"/>
        <line num="47" count="0" type="cond" truecount="0" falsecount="2"/>
        <line num="48" count="0" type="stmt"/>
        <line num="49" count="0" type="stmt"/>
        <line num="50" count="0" type="stmt"/>
        <line num="53" count="0" type="stmt"/>
        <line num="54" count="0" type="stmt"/>
        <line num="55" count="0" type="stmt"/>
        <line num="56" count="0" type="stmt"/>
        <line num="57" count="0" type="stmt"/>
        <line num="58" count="0" type="stmt"/>
        <line num="61" count="0" type="cond" truecount="0" falsecount="4"/>
        <line num="62" count="0" type="stmt"/>
        <line num="63" count="0" type="cond" truecount="0" falsecount="2"/>
        <line num="64" count="0" type="stmt"/>
        <line num="75" count="0" type="stmt"/>
        <line num="80" count="0" type="cond" truecount="0" falsecount="2"/>
        <line num="81" count="0" type="stmt"/>
        <line num="85" count="0" type="stmt"/>
        <line num="86" count="0" type="cond" truecount="0" falsecount="4"/>
        <line num="87" count="0" type="stmt"/>
        <line num="88" count="0" type="stmt"/>
        <line num="91" count="0" type="stmt"/>
        <line num="92" count="0" type="stmt"/>
        <line num="93" count="0" type="stmt"/>
        <line num="94" count="0" type="stmt"/>
        <line num="98" count="0" type="stmt"/>
        <line num="99" count="0" type="cond" truecount="0" falsecount="2"/>
        <line num="101" count="0" type="cond" truecount="0" falsecount="2"/>
        <line num="102" count="0" type="stmt"/>
        <line num="103" count="0" type="stmt"/>
        <line num="108" count="0" type="stmt"/>
      </file>
    </package>
    <package name="server.src">
      <metrics statements="737" coveredstatements="528" conditionals="516" coveredconditionals="394" methods="100" coveredmethods="78"/>
      <file name="astBuilder.ts" path="C:\Users\Dylan\FiveSquared\Repos\NewMonorepo\worldkit-vscode\server\src\astBuilder.ts">
        <metrics statements="86" coveredstatements="83" conditionals="32" coveredconditionals="27" methods="12" coveredmethods="12"/>
        <line num="21" count="163" type="stmt"/>
        <line num="22" count="163" type="stmt"/>
        <line num="25" count="163" type="stmt"/>
        <line num="35" count="163" type="stmt"/>
        <line num="37" count="163" type="stmt"/>
        <line num="38" count="650" type="stmt"/>
        <line num="39" count="650" type="stmt"/>
        <line num="43" count="650" type="stmt"/>
        <line num="44" count="650" type="stmt"/>
        <line num="45" count="650" type="stmt"/>
        <line num="47" count="650" type="stmt"/>
        <line num="57" count="650" type="stmt"/>
        <line num="59" count="650" type="cond" truecount="2" falsecount="0"/>
        <line num="60" count="327" type="stmt"/>
        <line num="63" count="323" type="stmt"/>
        <line num="67" count="163" type="stmt"/>
        <line num="69" count="646" type="cond" truecount="2" falsecount="0"/>
        <line num="70" count="323" type="cond" truecount="1" falsecount="1"/>
        <line num="71" count="323" type="stmt"/>
        <line num="72" count="323" type="cond" truecount="1" falsecount="1"/>
        <line num="76" count="163" type="stmt"/>
        <line num="77" count="86" type="stmt"/>
        <line num="79" count="86" type="stmt"/>
        <line num="80" count="86" type="stmt"/>
        <line num="81" count="86" type="stmt"/>
        <line num="83" count="86" type="stmt"/>
        <line num="94" count="86" type="stmt"/>
        <line num="95" count="86" type="stmt"/>
        <line num="100" count="163" type="stmt"/>
        <line num="103" count="163" type="stmt"/>
        <line num="106" count="163" type="stmt"/>
        <line num="109" count="163" type="stmt"/>
        <line num="111" count="163" type="stmt"/>
        <line num="116" count="86" type="stmt"/>
        <line num="127" count="899" type="stmt"/>
        <line num="128" count="899" type="stmt"/>
        <line num="129" count="736" type="cond" truecount="2" falsecount="0"/>
        <line num="130" count="650" type="cond" truecount="2" falsecount="0"/>
        <line num="135" count="899" type="stmt"/>
        <line num="137" count="899" type="stmt"/>
        <line num="138" count="736" type="cond" truecount="2" falsecount="0"/>
        <line num="139" count="650" type="cond" truecount="1" falsecount="1"/>
        <line num="140" count="650" type="cond" truecount="2" falsecount="0"/>
        <line num="141" count="650" type="stmt"/>
        <line num="142" count="650" type="stmt"/>
        <line num="143" count="86" type="cond" truecount="1" falsecount="1"/>
        <line num="144" count="86" type="stmt"/>
        <line num="147" count="736" type="stmt"/>
        <line num="154" count="5023" type="stmt"/>
        <line num="158" count="1382" type="stmt"/>
        <line num="166" count="3315" type="stmt"/>
        <line num="167" count="3315" type="stmt"/>
        <line num="168" count="3315" type="cond" truecount="2" falsecount="0"/>
        <line num="169" count="1567259" type="cond" truecount="2" falsecount="0"/>
        <line num="170" count="29509" type="stmt"/>
        <line num="171" count="29509" type="stmt"/>
        <line num="174" count="3315" type="stmt"/>
        <line num="183" count="650" type="stmt"/>
        <line num="184" count="14097" type="cond" truecount="2" falsecount="0"/>
        <line num="186" count="654" type="stmt"/>
        <line num="187" count="654" type="cond" truecount="2" falsecount="0"/>
        <line num="188" count="650" type="stmt"/>
        <line num="192" count="0" type="stmt"/>
        <line num="204" count="650" type="stmt"/>
        <line num="205" count="650" type="stmt"/>
        <line num="207" count="650" type="stmt"/>
        <line num="209" count="627" type="stmt"/>
        <line num="210" count="627" type="stmt"/>
        <line num="211" count="627" type="cond" truecount="2" falsecount="0"/>
        <line num="213" count="2" type="stmt"/>
        <line num="214" count="2" type="stmt"/>
        <line num="220" count="2" type="stmt"/>
        <line num="223" count="625" type="stmt"/>
        <line num="224" count="625" type="stmt"/>
        <line num="227" count="625" type="stmt"/>
        <line num="228" count="625" type="stmt"/>
        <line num="229" count="625" type="stmt"/>
        <line num="232" count="625" type="cond" truecount="1" falsecount="1"/>
        <line num="233" count="625" type="stmt"/>
        <line num="234" count="625" type="stmt"/>
        <line num="235" count="625" type="stmt"/>
        <line num="237" count="0" type="stmt"/>
        <line num="238" count="0" type="stmt"/>
        <line num="241" count="625" type="stmt"/>
        <line num="255" count="650" type="stmt"/>
        <line num="259" count="627" type="stmt"/>
      </file>
      <file name="completionContext.ts" path="C:\Users\Dylan\FiveSquared\Repos\NewMonorepo\worldkit-vscode\server\src\completionContext.ts">
        <metrics statements="101" coveredstatements="94" conditionals="109" coveredconditionals="94" methods="8" coveredmethods="8"/>
        <line num="14" count="1" type="stmt"/>
        <line num="21" count="22" type="cond" truecount="4" falsecount="0"/>
        <line num="24" count="21" type="cond" truecount="2" falsecount="0"/>
        <line num="27" count="20" type="stmt"/>
        <line num="28" count="20" type="cond" truecount="2" falsecount="0"/>
        <line num="31" count="19" type="stmt"/>
        <line num="34" count="19" type="cond" truecount="2" falsecount="0"/>
        <line num="37" count="18" type="stmt"/>
        <line num="44" count="21" type="stmt"/>
        <line num="45" count="21" type="stmt"/>
        <line num="46" count="21" type="stmt"/>
        <line num="47" count="21" type="cond" truecount="4" falsecount="0"/>
        <line num="48" count="1" type="stmt"/>
        <line num="49" count="1" type="cond" truecount="3" falsecount="1"/>
        <line num="51" count="1" type="stmt"/>
        <line num="53" count="0" type="stmt"/>
        <line num="55" count="20" type="stmt"/>
        <line num="66" count="20" type="stmt"/>
        <line num="67" count="20" type="stmt"/>
        <line num="68" count="205" type="cond" truecount="2" falsecount="0"/>
        <line num="69" count="14" type="stmt"/>
        <line num="70" count="14" type="stmt"/>
        <line num="72" count="191" type="cond" truecount="2" falsecount="0"/>
        <line num="73" count="163" type="cond" truecount="2" falsecount="0"/>
        <line num="74" count="162" type="cond" truecount="2" falsecount="0"/>
        <line num="76" count="0" type="stmt"/>
        <line num="86" count="20" type="stmt"/>
        <line num="87" count="21" type="cond" truecount="2" falsecount="0"/>
        <line num="88" count="18" type="cond" truecount="4" falsecount="0"/>
        <line num="91" count="2" type="stmt"/>
        <line num="92" count="2" type="stmt"/>
        <line num="93" count="15" type="cond" truecount="2" falsecount="0"/>
        <line num="94" count="13" type="cond" truecount="2" falsecount="0"/>
        <line num="96" count="2" type="stmt"/>
        <line num="105" count="18" type="stmt"/>
        <line num="106" count="18" type="cond" truecount="2" falsecount="0"/>
        <line num="107" count="18" type="stmt"/>
        <line num="110" count="18" type="cond" truecount="4" falsecount="0"/>
        <line num="112" count="7" type="stmt"/>
        <line num="113" count="7" type="stmt"/>
        <line num="122" count="11" type="stmt"/>
        <line num="123" count="11" type="cond" truecount="2" falsecount="0"/>
        <line num="124" count="4" type="stmt"/>
        <line num="133" count="7" type="stmt"/>
        <line num="134" count="7" type="stmt"/>
        <line num="146" count="11" type="stmt"/>
        <line num="147" count="11" type="stmt"/>
        <line num="149" count="11" type="stmt"/>
        <line num="151" count="20" type="cond" truecount="2" falsecount="0"/>
        <line num="152" count="16" type="cond" truecount="2" falsecount="0"/>
        <line num="155" count="10" type="stmt"/>
        <line num="156" count="33" type="cond" truecount="2" falsecount="0"/>
        <line num="157" count="10" type="cond" truecount="1" falsecount="1"/>
        <line num="159" count="10" type="stmt"/>
        <line num="162" count="10" type="cond" truecount="2" falsecount="0"/>
        <line num="165" count="10" type="cond" truecount="4" falsecount="0"/>
        <line num="168" count="1" type="stmt"/>
        <line num="170" count="9" type="stmt"/>
        <line num="173" count="9" type="cond" truecount="2" falsecount="0"/>
        <line num="176" count="9" type="cond" truecount="3" falsecount="1"/>
        <line num="177" count="9" type="stmt"/>
        <line num="180" count="9" type="stmt"/>
        <line num="181" count="28" type="cond" truecount="2" falsecount="0"/>
        <line num="183" count="9" type="cond" truecount="2" falsecount="0"/>
        <line num="185" count="4" type="stmt"/>
        <line num="188" count="5" type="stmt"/>
        <line num="192" count="7" type="stmt"/>
        <line num="200" count="7" type="stmt"/>
        <line num="204" count="7" type="stmt"/>
        <line num="205" count="7" type="cond" truecount="2" falsecount="0"/>
        <line num="214" count="7" type="stmt"/>
        <line num="215" count="7" type="stmt"/>
        <line num="218" count="7" type="stmt"/>
        <line num="219" count="7" type="stmt"/>
        <line num="220" count="12" type="cond" truecount="1" falsecount="1"/>
        <line num="222" count="12" type="stmt"/>
        <line num="223" count="12" type="cond" truecount="1" falsecount="1"/>
        <line num="225" count="12" type="stmt"/>
        <line num="226" count="12" type="cond" truecount="1" falsecount="1"/>
        <line num="229" count="12" type="stmt"/>
        <line num="230" count="72" type="cond" truecount="2" falsecount="0"/>
        <line num="231" count="12" type="stmt"/>
        <line num="232" count="12" type="cond" truecount="1" falsecount="1"/>
        <line num="235" count="12" type="stmt"/>
        <line num="236" count="12" type="stmt"/>
        <line num="237" count="12" type="stmt"/>
        <line num="238" count="41" type="cond" truecount="2" falsecount="0"/>
        <line num="239" count="35" type="cond" truecount="2" falsecount="0"/>
        <line num="240" count="25" type="cond" truecount="2" falsecount="3"/>
        <line num="241" count="0" type="stmt"/>
        <line num="242" count="0" type="stmt"/>
        <line num="243" count="0" type="stmt"/>
        <line num="245" count="25" type="cond" truecount="2" falsecount="0"/>
        <line num="246" count="13" type="stmt"/>
        <line num="250" count="12" type="cond" truecount="3" falsecount="1"/>
        <line num="252" count="12" type="cond" truecount="1" falsecount="1"/>
        <line num="253" count="0" type="stmt"/>
        <line num="254" count="0" type="cond" truecount="0" falsecount="2"/>
        <line num="255" count="12" type="cond" truecount="1" falsecount="1"/>
        <line num="256" count="12" type="stmt"/>
        <line num="260" count="7" type="cond" truecount="2" falsecount="0"/>
      </file>
      <file name="completionProvider.ts" path="C:\Users\Dylan\FiveSquared\Repos\NewMonorepo\worldkit-vscode\server\src\completionProvider.ts">
        <metrics statements="48" coveredstatements="48" conditionals="52" coveredconditionals="45" methods="10" coveredmethods="10"/>
        <line num="30" count="1019" type="cond" truecount="4" falsecount="0"/>
        <line num="32" count="1007" type="stmt"/>
        <line num="34" count="6" type="stmt"/>
        <line num="36" count="5" type="stmt"/>
        <line num="38" count="1" type="stmt"/>
        <line num="46" count="1007" type="cond" truecount="2" falsecount="0"/>
        <line num="47" count="1006" type="stmt"/>
        <line num="48" count="1006" type="cond" truecount="2" falsecount="0"/>
        <line num="49" count="1005" type="cond" truecount="2" falsecount="0"/>
        <line num="50" count="1004" type="stmt"/>
        <line num="51" count="3021" type="stmt"/>
        <line num="52" count="3021" type="cond" truecount="1" falsecount="1"/>
        <line num="53" count="3021" type="stmt"/>
        <line num="68" count="2" type="stmt"/>
        <line num="69" count="44" type="stmt"/>
        <line num="70" count="44" type="stmt"/>
        <line num="85" count="6" type="cond" truecount="1" falsecount="1"/>
        <line num="86" count="6" type="stmt"/>
        <line num="87" count="6" type="cond" truecount="2" falsecount="0"/>
        <line num="89" count="5" type="cond" truecount="2" falsecount="0"/>
        <line num="90" count="6" type="stmt"/>
        <line num="93" count="6" type="stmt"/>
        <line num="94" count="4" type="cond" truecount="2" falsecount="0"/>
        <line num="95" count="3" type="stmt"/>
        <line num="106" count="5" type="stmt"/>
        <line num="107" count="19" type="cond" truecount="1" falsecount="1"/>
        <line num="108" count="19" type="stmt"/>
        <line num="119" count="5" type="stmt"/>
        <line num="126" count="5" type="cond" truecount="3" falsecount="1"/>
        <line num="127" count="5" type="stmt"/>
        <line num="128" count="5" type="cond" truecount="1" falsecount="1"/>
        <line num="131" count="12" type="stmt"/>
        <line num="132" count="5" type="cond" truecount="2" falsecount="0"/>
        <line num="135" count="4" type="cond" truecount="2" falsecount="0"/>
        <line num="136" count="1" type="stmt"/>
        <line num="143" count="3" type="cond" truecount="4" falsecount="0"/>
        <line num="144" count="8" type="stmt"/>
        <line num="151" count="1" type="stmt"/>
        <line num="158" count="3021" type="stmt"/>
        <line num="159" count="3021" type="cond" truecount="1" falsecount="1"/>
        <line num="160" count="3021" type="stmt"/>
        <line num="161" count="3021" type="cond" truecount="2" falsecount="0"/>
        <line num="162" count="3008" type="stmt"/>
        <line num="164" count="3021" type="cond" truecount="2" falsecount="0"/>
        <line num="165" count="2" type="stmt"/>
        <line num="167" count="3021" type="cond" truecount="2" falsecount="0"/>
        <line num="168" count="1050" type="stmt"/>
        <line num="170" count="3021" type="stmt"/>
      </file>
      <file name="definitionProvider.ts" path="C:\Users\Dylan\FiveSquared\Repos\NewMonorepo\worldkit-vscode\server\src\definitionProvider.ts">
        <metrics statements="24" coveredstatements="24" conditionals="22" coveredconditionals="20" methods="3" coveredmethods="3"/>
        <line num="24" count="1006" type="cond" truecount="1" falsecount="1"/>
        <line num="26" count="1006" type="stmt"/>
        <line num="27" count="1006" type="cond" truecount="2" falsecount="0"/>
        <line num="29" count="1004" type="stmt"/>
        <line num="32" count="1004" type="cond" truecount="2" falsecount="0"/>
        <line num="33" count="2" type="stmt"/>
        <line num="34" count="2" type="cond" truecount="2" falsecount="0"/>
        <line num="35" count="1" type="stmt"/>
        <line num="39" count="1002" type="cond" truecount="2" falsecount="0"/>
        <line num="40" count="1001" type="stmt"/>
        <line num="41" count="1001" type="cond" truecount="1" falsecount="1"/>
        <line num="42" count="1001" type="stmt"/>
        <line num="45" count="1" type="stmt"/>
        <line num="57" count="1017" type="stmt"/>
        <line num="59" count="1017" type="stmt"/>
        <line num="62" count="103064" type="cond" truecount="2" falsecount="0"/>
        <line num="65" count="54064" type="cond" truecount="4" falsecount="0"/>
        <line num="66" count="50001" type="stmt"/>
        <line num="69" count="4063" type="stmt"/>
        <line num="70" count="2034" type="cond" truecount="4" falsecount="0"/>
        <line num="71" count="1012" type="stmt"/>
        <line num="72" count="1012" type="stmt"/>
        <line num="73" count="1012" type="stmt"/>
        <line num="79" count="1017" type="stmt"/>
      </file>
      <file name="entityIndex.ts" path="C:\Users\Dylan\FiveSquared\Repos\NewMonorepo\worldkit-vscode\server\src\entityIndex.ts">
        <metrics statements="57" coveredstatements="57" conditionals="33" coveredconditionals="30" methods="9" coveredmethods="9"/>
        <line num="29" count="38" type="stmt"/>
        <line num="31" count="38" type="stmt"/>
        <line num="33" count="38" type="stmt"/>
        <line num="35" count="38" type="stmt"/>
        <line num="42" count="50" type="stmt"/>
        <line num="44" count="50" type="cond" truecount="1" falsecount="1"/>
        <line num="46" count="50" type="stmt"/>
        <line num="47" count="50" type="stmt"/>
        <line num="49" count="50" type="stmt"/>
        <line num="51" count="301" type="stmt"/>
        <line num="53" count="224" type="cond" truecount="5" falsecount="0"/>
        <line num="54" count="151" type="stmt"/>
        <line num="60" count="151" type="stmt"/>
        <line num="61" count="151" type="cond" truecount="2" falsecount="0"/>
        <line num="62" count="2" type="stmt"/>
        <line num="64" count="149" type="stmt"/>
        <line num="66" count="151" type="stmt"/>
        <line num="69" count="224" type="cond" truecount="4" falsecount="0"/>
        <line num="70" count="19" type="stmt"/>
        <line num="76" count="19" type="stmt"/>
        <line num="78" count="19" type="stmt"/>
        <line num="79" count="19" type="cond" truecount="2" falsecount="0"/>
        <line num="80" count="3" type="stmt"/>
        <line num="82" count="16" type="stmt"/>
        <line num="89" count="50" type="stmt"/>
        <line num="90" count="50" type="stmt"/>
        <line num="98" count="55" type="stmt"/>
        <line num="99" count="55" type="cond" truecount="2" falsecount="0"/>
        <line num="100" count="6" type="stmt"/>
        <line num="101" count="6" type="stmt"/>
        <line num="102" count="6" type="cond" truecount="1" falsecount="1"/>
        <line num="103" count="7" type="stmt"/>
        <line num="104" count="6" type="cond" truecount="2" falsecount="0"/>
        <line num="105" count="5" type="stmt"/>
        <line num="107" count="1" type="stmt"/>
        <line num="111" count="6" type="stmt"/>
        <line num="115" count="55" type="stmt"/>
        <line num="116" count="55" type="cond" truecount="2" falsecount="0"/>
        <line num="117" count="6" type="stmt"/>
        <line num="118" count="2" type="stmt"/>
        <line num="119" count="2" type="cond" truecount="1" falsecount="1"/>
        <line num="120" count="3" type="stmt"/>
        <line num="121" count="2" type="cond" truecount="2" falsecount="0"/>
        <line num="122" count="1" type="stmt"/>
        <line num="124" count="1" type="stmt"/>
        <line num="128" count="6" type="stmt"/>
        <line num="136" count="1028" type="stmt"/>
        <line num="137" count="1028" type="cond" truecount="4" falsecount="0"/>
        <line num="144" count="11" type="cond" truecount="2" falsecount="0"/>
        <line num="151" count="6" type="stmt"/>
        <line num="152" count="6" type="stmt"/>
        <line num="153" count="7" type="stmt"/>
        <line num="155" count="6" type="stmt"/>
        <line num="162" count="3" type="stmt"/>
        <line num="163" count="3" type="stmt"/>
        <line num="164" count="3" type="stmt"/>
        <line num="166" count="3" type="stmt"/>
      </file>
      <file name="formattingProvider.ts" path="C:\Users\Dylan\FiveSquared\Repos\NewMonorepo\worldkit-vscode\server\src\formattingProvider.ts">
        <metrics statements="61" coveredstatements="51" conditionals="34" coveredconditionals="31" methods="8" coveredmethods="8"/>
        <line num="23" count="1" type="stmt"/>
        <line num="26" count="1" type="stmt"/>
        <line num="36" count="22" type="cond" truecount="1" falsecount="1"/>
        <line num="38" count="22" type="cond" truecount="2" falsecount="0"/>
        <line num="39" count="22" type="stmt"/>
        <line num="40" count="22" type="stmt"/>
        <line num="42" count="22" type="stmt"/>
        <line num="45" count="22" type="stmt"/>
        <line num="46" count="22" type="cond" truecount="2" falsecount="0"/>
        <line num="49" count="19" type="stmt"/>
        <line num="50" count="19" type="stmt"/>
        <line num="52" count="19" type="stmt"/>
        <line num="65" count="22" type="cond" truecount="2" falsecount="0"/>
        <line num="66" count="22" type="cond" truecount="2" falsecount="0"/>
        <line num="67" count="22" type="cond" truecount="4" falsecount="0"/>
        <line num="68" count="6" type="cond" truecount="2" falsecount="0"/>
        <line num="83" count="91" type="cond" truecount="2" falsecount="0"/>
        <line num="84" count="22" type="stmt"/>
        <line num="85" count="24" type="stmt"/>
        <line num="87" count="22" type="stmt"/>
        <line num="91" count="69" type="cond" truecount="2" falsecount="0"/>
        <line num="92" count="7" type="stmt"/>
        <line num="93" count="7" type="stmt"/>
        <line num="94" count="7" type="stmt"/>
        <line num="95" count="7" type="stmt"/>
        <line num="97" count="7" type="stmt"/>
        <line num="101" count="62" type="cond" truecount="1" falsecount="1"/>
        <line num="102" count="0" type="stmt"/>
        <line num="103" count="0" type="stmt"/>
        <line num="104" count="0" type="stmt"/>
        <line num="105" count="0" type="stmt"/>
        <line num="106" count="0" type="stmt"/>
        <line num="108" count="0" type="stmt"/>
        <line num="112" count="62" type="cond" truecount="1" falsecount="1"/>
        <line num="113" count="0" type="stmt"/>
        <line num="114" count="0" type="stmt"/>
        <line num="115" count="0" type="stmt"/>
        <line num="116" count="0" type="stmt"/>
        <line num="120" count="62" type="stmt"/>
        <line num="121" count="62" type="stmt"/>
        <line num="123" count="62" type="cond" truecount="2" falsecount="0"/>
        <line num="125" count="40" type="stmt"/>
        <line num="126" count="40" type="stmt"/>
        <line num="127" count="45" type="stmt"/>
        <line num="129" count="40" type="stmt"/>
        <line num="132" count="22" type="stmt"/>
        <line num="140" count="40" type="cond" truecount="2" falsecount="0"/>
        <line num="141" count="19" type="stmt"/>
        <line num="144" count="21" type="cond" truecount="2" falsecount="0"/>
        <line num="145" count="20" type="stmt"/>
        <line num="149" count="1" type="stmt"/>
        <line num="150" count="2" type="stmt"/>
        <line num="151" count="1" type="stmt"/>
        <line num="158" count="22" type="cond" truecount="2" falsecount="0"/>
        <line num="159" count="3" type="stmt"/>
        <line num="162" count="19" type="cond" truecount="2" falsecount="0"/>
        <line num="163" count="14" type="stmt"/>
        <line num="167" count="5" type="stmt"/>
        <line num="168" count="11" type="stmt"/>
        <line num="169" count="5" type="stmt"/>
        <line num="176" count="47" type="stmt"/>
      </file>
      <file name="hoverProvider.ts" path="C:\Users\Dylan\FiveSquared\Repos\NewMonorepo\worldkit-vscode\server\src\hoverProvider.ts">
        <metrics statements="75" coveredstatements="74" conditionals="62" coveredconditionals="52" methods="14" coveredmethods="14"/>
        <line num="23" count="15" type="cond" truecount="1" falsecount="1"/>
        <line num="26" count="15" type="stmt"/>
        <line num="27" count="15" type="cond" truecount="2" falsecount="0"/>
        <line num="30" count="14" type="stmt"/>
        <line num="31" count="14" type="cond" truecount="2" falsecount="0"/>
        <line num="34" count="10" type="stmt"/>
        <line num="35" count="10" type="cond" truecount="2" falsecount="0"/>
        <line num="37" count="3" type="stmt"/>
        <line num="44" count="15" type="stmt"/>
        <line num="46" count="15" type="stmt"/>
        <line num="48" count="52" type="cond" truecount="4" falsecount="0"/>
        <line num="49" count="4" type="stmt"/>
        <line num="51" count="48" type="stmt"/>
        <line num="55" count="15" type="stmt"/>
        <line num="65" count="14" type="stmt"/>
        <line num="66" count="15" type="cond" truecount="4" falsecount="0"/>
        <line num="67" count="5" type="stmt"/>
        <line num="70" count="9" type="stmt"/>
        <line num="81" count="10" type="stmt"/>
        <line num="82" count="10" type="cond" truecount="1" falsecount="1"/>
        <line num="84" count="10" type="cond" truecount="4" falsecount="0"/>
        <line num="85" count="8" type="stmt"/>
        <line num="88" count="2" type="stmt"/>
        <line num="96" count="10" type="stmt"/>
        <line num="97" count="10" type="cond" truecount="3" falsecount="1"/>
        <line num="100" count="10" type="stmt"/>
        <line num="103" count="10" type="stmt"/>
        <line num="104" count="10" type="cond" truecount="2" falsecount="0"/>
        <line num="105" count="60" type="stmt"/>
        <line num="108" count="10" type="cond" truecount="1" falsecount="1"/>
        <line num="110" count="10" type="stmt"/>
        <line num="111" count="10" type="cond" truecount="1" falsecount="1"/>
        <line num="113" count="10" type="stmt"/>
        <line num="123" count="8" type="stmt"/>
        <line num="124" count="8" type="cond" truecount="2" falsecount="0"/>
        <line num="126" count="7" type="stmt"/>
        <line num="129" count="7" type="stmt"/>
        <line num="130" count="7" type="stmt"/>
        <line num="133" count="7" type="cond" truecount="2" falsecount="0"/>
        <line num="134" count="6" type="stmt"/>
        <line num="138" count="7" type="cond" truecount="2" falsecount="0"/>
        <line num="139" count="22" type="stmt"/>
        <line num="143" count="7" type="cond" truecount="1" falsecount="1"/>
        <line num="144" count="7" type="stmt"/>
        <line num="148" count="7" type="stmt"/>
        <line num="149" count="7" type="stmt"/>
        <line num="151" count="7" type="stmt"/>
        <line num="161" count="5" type="stmt"/>
        <line num="162" count="5" type="cond" truecount="1" falsecount="1"/>
        <line num="165" count="5" type="stmt"/>
        <line num="168" count="12" type="stmt"/>
        <line num="170" count="5" type="cond" truecount="4" falsecount="0"/>
        <line num="172" count="4" type="stmt"/>
        <line num="174" count="4" type="cond" truecount="2" falsecount="0"/>
        <line num="175" count="2" type="stmt"/>
        <line num="176" count="2" type="stmt"/>
        <line num="177" count="2" type="stmt"/>
        <line num="178" count="2" type="cond" truecount="1" falsecount="1"/>
        <line num="179" count="2" type="cond" truecount="3" falsecount="1"/>
        <line num="180" count="8" type="stmt"/>
        <line num="184" count="2" type="stmt"/>
        <line num="185" count="2" type="stmt"/>
        <line num="186" count="2" type="stmt"/>
        <line num="189" count="4" type="stmt"/>
        <line num="199" count="7" type="stmt"/>
        <line num="200" count="7" type="stmt"/>
        <line num="201" count="6" type="stmt"/>
        <line num="204" count="7" type="cond" truecount="2" falsecount="0"/>
        <line num="205" count="7" type="cond" truecount="2" falsecount="0"/>
        <line num="206" count="5" type="stmt"/>
        <line num="209" count="7" type="cond" truecount="2" falsecount="0"/>
        <line num="210" count="7" type="stmt"/>
        <line num="212" count="7" type="cond" truecount="1" falsecount="1"/>
        <line num="213" count="7" type="stmt"/>
        <line num="215" count="0" type="stmt"/>
      </file>
      <file name="lspUtils.ts" path="C:\Users\Dylan\FiveSquared\Repos\NewMonorepo\worldkit-vscode\server\src\lspUtils.ts">
        <metrics statements="1" coveredstatements="1" conditionals="0" coveredconditionals="0" methods="1" coveredmethods="1"/>
        <line num="13" count="2" type="stmt"/>
      </file>
      <file name="referenceProvider.ts" path="C:\Users\Dylan\FiveSquared\Repos\NewMonorepo\worldkit-vscode\server\src\referenceProvider.ts">
        <metrics statements="16" coveredstatements="16" conditionals="14" coveredconditionals="11" methods="1" coveredmethods="1"/>
        <line num="25" count="7" type="cond" truecount="1" falsecount="1"/>
        <line num="27" count="7" type="stmt"/>
        <line num="28" count="7" type="cond" truecount="2" falsecount="0"/>
        <line num="30" count="6" type="stmt"/>
        <line num="33" count="6" type="cond" truecount="4" falsecount="0"/>
        <line num="35" count="5" type="stmt"/>
        <line num="36" count="5" type="cond" truecount="1" falsecount="1"/>
        <line num="38" count="5" type="stmt"/>
        <line num="41" count="5" type="stmt"/>
        <line num="42" count="5" type="stmt"/>
        <line num="43" count="5" type="stmt"/>
        <line num="47" count="5" type="cond" truecount="2" falsecount="0"/>
        <line num="48" count="1" type="stmt"/>
        <line num="49" count="1" type="cond" truecount="1" falsecount="1"/>
        <line num="50" count="1" type="stmt"/>
        <line num="54" count="5" type="stmt"/>
      </file>
      <file name="sceneHierarchyProvider.ts" path="C:\Users\Dylan\FiveSquared\Repos\NewMonorepo\worldkit-vscode\server\src\sceneHierarchyProvider.ts">
        <metrics statements="35" coveredstatements="31" conditionals="34" coveredconditionals="29" methods="7" coveredmethods="7"/>
        <line num="15" count="13" type="cond" truecount="1" falsecount="1"/>
        <line num="17" count="13" type="stmt"/>
        <line num="20" count="13" type="cond" truecount="1" falsecount="1"/>
        <line num="21" count="13" type="stmt"/>
        <line num="25" count="0" type="stmt"/>
        <line num="34" count="41" type="cond" truecount="1" falsecount="1"/>
        <line num="35" count="0" type="stmt"/>
        <line num="46" count="41" type="stmt"/>
        <line num="48" count="41" type="stmt"/>
        <line num="50" count="41" type="stmt"/>
        <line num="64" count="54" type="stmt"/>
        <line num="66" count="54" type="stmt"/>
        <line num="68" count="54" type="stmt"/>
        <line num="69" count="43" type="cond" truecount="2" falsecount="0"/>
        <line num="71" count="41" type="cond" truecount="4" falsecount="1"/>
        <line num="72" count="0" type="stmt"/>
        <line num="75" count="41" type="cond" truecount="2" falsecount="0"/>
        <line num="76" count="43" type="stmt"/>
        <line num="79" count="54" type="stmt"/>
        <line num="80" count="54" type="stmt"/>
        <line num="81" count="43" type="cond" truecount="2" falsecount="0"/>
        <line num="82" count="41" type="cond" truecount="4" falsecount="1"/>
        <line num="83" count="0" type="stmt"/>
        <line num="86" count="41" type="cond" truecount="2" falsecount="0"/>
        <line num="87" count="43" type="stmt"/>
        <line num="88" count="43" type="stmt"/>
        <line num="91" count="54" type="stmt"/>
        <line num="96" count="41" type="stmt"/>
        <line num="97" count="41" type="cond" truecount="4" falsecount="0"/>
        <line num="100" count="30" type="cond" truecount="2" falsecount="0"/>
        <line num="101" count="3" type="stmt"/>
        <line num="105" count="27" type="stmt"/>
        <line num="109" count="41" type="stmt"/>
        <line num="110" count="41" type="cond" truecount="4" falsecount="0"/>
        <line num="111" count="37" type="stmt"/>
      </file>
      <file name="server.ts" path="C:\Users\Dylan\FiveSquared\Repos\NewMonorepo\worldkit-vscode\server\src\server.ts">
        <metrics statements="178" coveredstatements="0" conditionals="60" coveredconditionals="0" methods="22" coveredmethods="0"/>
        <line num="31" count="0" type="stmt"/>
        <line num="32" count="0" type="stmt"/>
        <line num="35" count="0" type="stmt"/>
        <line num="38" count="0" type="stmt"/>
        <line num="41" count="0" type="stmt"/>
        <line num="44" count="0" type="stmt"/>
        <line num="47" count="0" type="stmt"/>
        <line num="50" count="0" type="stmt"/>
        <line num="53" count="0" type="stmt"/>
        <line num="54" count="0" type="cond" truecount="0" falsecount="2"/>
        <line num="55" count="0" type="stmt"/>
        <line num="56" count="0" type="stmt"/>
        <line num="57" count="0" type="stmt"/>
        <line num="58" count="0" type="stmt"/>
        <line num="59" count="0" type="stmt"/>
        <line num="60" count="0" type="stmt"/>
        <line num="63" count="0" type="stmt"/>
        <line num="68" count="0" type="stmt"/>
        <line num="69" count="0" type="cond" truecount="0" falsecount="2"/>
        <line num="70" count="0" type="stmt"/>
        <line num="71" count="0" type="stmt"/>
        <line num="72" count="0" type="stmt"/>
        <line num="76" count="0" type="stmt"/>
        <line num="77" count="0" type="stmt"/>
        <line num="80" count="0" type="cond" truecount="0" falsecount="2"/>
        <line num="81" count="0" type="stmt"/>
        <line num="82" count="0" type="stmt"/>
        <line num="84" count="0" type="cond" truecount="0" falsecount="2"/>
        <line num="85" count="0" type="stmt"/>
        <line num="88" count="0" type="stmt"/>
        <line num="102" count="0" type="stmt"/>
        <line num="103" count="0" type="stmt"/>
        <line num="106" count="0" type="stmt"/>
        <line num="107" count="0" type="stmt"/>
        <line num="108" count="0" type="stmt"/>
        <line num="109" count="0" type="stmt"/>
        <line num="112" count="0" type="stmt"/>
        <line num="121" count="0" type="stmt"/>
        <line num="122" count="0" type="stmt"/>
        <line num="123" count="0" type="stmt"/>
        <line num="124" count="0" type="cond" truecount="0" falsecount="2"/>
        <line num="125" count="0" type="cond" truecount="0" falsecount="2"/>
        <line num="126" count="0" type="stmt"/>
        <line num="127" count="0" type="stmt"/>
        <line num="128" count="0" type="cond" truecount="0" falsecount="2"/>
        <line num="129" count="0" type="stmt"/>
        <line num="130" count="0" type="stmt"/>
        <line num="131" count="0" type="stmt"/>
        <line num="132" count="0" type="stmt"/>
        <line num="138" count="0" type="stmt"/>
        <line num="139" count="0" type="stmt"/>
        <line num="140" count="0" type="stmt"/>
        <line num="141" count="0" type="stmt"/>
        <line num="143" count="0" type="stmt"/>
        <line num="144" count="0" type="stmt"/>
        <line num="145" count="0" type="stmt"/>
        <line num="148" count="0" type="stmt"/>
        <line num="150" count="0" type="stmt"/>
        <line num="151" count="0" type="stmt"/>
        <line num="152" count="0" type="stmt"/>
        <line num="155" count="0" type="stmt"/>
        <line num="156" count="0" type="stmt"/>
        <line num="158" count="0" type="stmt"/>
        <line num="162" count="0" type="stmt"/>
        <line num="163" count="0" type="stmt"/>
        <line num="164" count="0" type="stmt"/>
        <line num="165" count="0" type="stmt"/>
        <line num="166" count="0" type="stmt"/>
        <line num="167" count="0" type="cond" truecount="0" falsecount="2"/>
        <line num="168" count="0" type="stmt"/>
        <line num="169" count="0" type="stmt"/>
        <line num="171" count="0" type="stmt"/>
        <line num="172" count="0" type="cond" truecount="0" falsecount="2"/>
        <line num="173" count="0" type="stmt"/>
        <line num="174" count="0" type="stmt"/>
        <line num="176" count="0" type="stmt"/>
        <line num="180" count="0" type="stmt"/>
        <line num="182" count="0" type="cond" truecount="0" falsecount="2"/>
        <line num="183" count="0" type="stmt"/>
        <line num="184" count="0" type="stmt"/>
        <line num="185" count="0" type="stmt"/>
        <line num="188" count="0" type="stmt"/>
        <line num="189" count="0" type="stmt"/>
        <line num="196" count="0" type="cond" truecount="0" falsecount="4"/>
        <line num="197" count="0" type="stmt"/>
        <line num="198" count="0" type="stmt"/>
        <line num="199" count="0" type="stmt"/>
        <line num="200" count="0" type="stmt"/>
        <line num="204" count="0" type="stmt"/>
        <line num="205" count="0" type="stmt"/>
        <line num="206" count="0" type="stmt"/>
        <line num="207" count="0" type="stmt"/>
        <line num="208" count="0" type="cond" truecount="0" falsecount="2"/>
        <line num="210" count="0" type="stmt"/>
        <line num="211" count="0" type="stmt"/>
        <line num="213" count="0" type="stmt"/>
        <line num="214" count="0" type="cond" truecount="0" falsecount="2"/>
        <line num="218" count="0" type="cond" truecount="0" falsecount="2"/>
        <line num="219" count="0" type="stmt"/>
        <line num="222" count="0" type="stmt"/>
        <line num="223" count="0" type="stmt"/>
        <line num="224" count="0" type="stmt"/>
        <line num="228" count="0" type="stmt"/>
        <line num="244" count="0" type="stmt"/>
        <line num="245" count="0" type="stmt"/>
        <line num="246" count="0" type="cond" truecount="0" falsecount="2"/>
        <line num="247" count="0" type="cond" truecount="0" falsecount="2"/>
        <line num="249" count="0" type="cond" truecount="0" falsecount="2"/>
        <line num="251" count="0" type="stmt"/>
        <line num="252" count="0" type="stmt"/>
        <line num="253" count="0" type="stmt"/>
        <line num="255" count="0" type="stmt"/>
        <line num="256" count="0" type="stmt"/>
        <line num="258" count="0" type="stmt"/>
        <line num="263" count="0" type="stmt"/>
        <line num="264" count="0" type="stmt"/>
        <line num="265" count="0" type="stmt"/>
        <line num="266" count="0" type="stmt"/>
        <line num="267" count="0" type="cond" truecount="0" falsecount="2"/>
        <line num="269" count="0" type="stmt"/>
        <line num="270" count="0" type="cond" truecount="0" falsecount="2"/>
        <line num="272" count="0" type="stmt"/>
        <line num="273" count="0" type="stmt"/>
        <line num="274" count="0" type="stmt"/>
        <line num="276" count="0" type="cond" truecount="0" falsecount="2"/>
        <line num="277" count="0" type="stmt"/>
        <line num="278" count="0" type="stmt"/>
        <line num="284" count="0" type="stmt"/>
        <line num="285" count="0" type="stmt"/>
        <line num="290" count="0" type="stmt"/>
        <line num="291" count="0" type="stmt"/>
        <line num="292" count="0" type="stmt"/>
        <line num="293" count="0" type="stmt"/>
        <line num="294" count="0" type="cond" truecount="0" falsecount="2"/>
        <line num="296" count="0" type="stmt"/>
        <line num="297" count="0" type="cond" truecount="0" falsecount="2"/>
        <line num="299" count="0" type="stmt"/>
        <line num="300" count="0" type="stmt"/>
        <line num="301" count="0" type="stmt"/>
        <line num="302" count="0" type="stmt"/>
        <line num="306" count="0" type="stmt"/>
        <line num="314" count="0" type="stmt"/>
        <line num="315" count="0" type="stmt"/>
        <line num="316" count="0" type="stmt"/>
        <line num="317" count="0" type="stmt"/>
        <line num="318" count="0" type="cond" truecount="0" falsecount="2"/>
        <line num="320" count="0" type="stmt"/>
        <line num="321" count="0" type="cond" truecount="0" falsecount="2"/>
        <line num="323" count="0" type="stmt"/>
        <line num="324" count="0" type="stmt"/>
        <line num="325" count="0" type="stmt"/>
        <line num="327" count="0" type="cond" truecount="0" falsecount="2"/>
        <line num="328" count="0" type="stmt"/>
        <line num="329" count="0" type="stmt"/>
        <line num="335" count="0" type="stmt"/>
        <line num="336" count="0" type="stmt"/>
        <line num="341" count="0" type="stmt"/>
        <line num="342" count="0" type="stmt"/>
        <line num="343" count="0" type="stmt"/>
        <line num="344" count="0" type="stmt"/>
        <line num="345" count="0" type="cond" truecount="0" falsecount="2"/>
        <line num="347" count="0" type="stmt"/>
        <line num="348" count="0" type="cond" truecount="0" falsecount="2"/>
        <line num="350" count="0" type="stmt"/>
        <line num="354" count="0" type="stmt"/>
        <line num="355" count="0" type="stmt"/>
        <line num="359" count="0" type="stmt"/>
        <line num="364" count="0" type="stmt"/>
        <line num="365" count="0" type="stmt"/>
        <line num="366" count="0" type="stmt"/>
        <line num="367" count="0" type="stmt"/>
        <line num="368" count="0" type="cond" truecount="0" falsecount="2"/>
        <line num="370" count="0" type="stmt"/>
        <line num="371" count="0" type="stmt"/>
        <line num="372" count="0" type="stmt"/>
        <line num="375" count="0" type="stmt"/>
        <line num="378" count="0" type="stmt"/>
        <line num="379" count="0" type="stmt"/>
      </file>
      <file name="vemlParser.ts" path="C:\Users\Dylan\FiveSquared\Repos\NewMonorepo\worldkit-vscode\server\src\vemlParser.ts">
        <metrics statements="1" coveredstatements="1" conditionals="0" coveredconditionals="0" methods="1" coveredmethods="1"/>
        <line num="11" count="163" type="stmt"/>
      </file>
      <file name="vemlValidator.ts" path="C:\Users\Dylan\FiveSquared\Repos\NewMonorepo\worldkit-vscode\server\src\vemlValidator.ts">
        <metrics statements="54" coveredstatements="48" conditionals="64" coveredconditionals="55" methods="4" coveredmethods="4"/>
        <line num="16" count="1" type="stmt"/>
        <line num="37" count="34" type="stmt"/>
        <line num="40" count="34" type="cond" truecount="5" falsecount="0"/>
        <line num="41" count="4" type="cond" truecount="2" falsecount="0"/>
        <line num="46" count="30" type="cond" truecount="4" falsecount="0"/>
        <line num="47" count="4" type="stmt"/>
        <line num="48" count="4" type="cond" truecount="2" falsecount="0"/>
        <line num="49" count="4" type="stmt"/>
        <line num="50" count="4" type="cond" truecount="2" falsecount="2"/>
        <line num="51" count="0" type="stmt"/>
        <line num="52" count="0" type="stmt"/>
        <line num="53" count="4" type="cond" truecount="2" falsecount="2"/>
        <line num="54" count="0" type="stmt"/>
        <line num="56" count="4" type="stmt"/>
        <line num="60" count="26" type="cond" truecount="5" falsecount="0"/>
        <line num="61" count="6" type="cond" truecount="2" falsecount="0"/>
        <line num="65" count="20" type="cond" truecount="3" falsecount="1"/>
        <line num="66" count="0" type="cond" truecount="0" falsecount="2"/>
        <line num="70" count="20" type="cond" truecount="4" falsecount="0"/>
        <line num="71" count="4" type="stmt"/>
        <line num="75" count="16" type="stmt"/>
        <line num="89" count="27" type="stmt"/>
        <line num="92" count="27" type="stmt"/>
        <line num="93" count="34" type="stmt"/>
        <line num="94" count="34" type="stmt"/>
        <line num="98" count="27" type="cond" truecount="1" falsecount="1"/>
        <line num="99" count="27" type="stmt"/>
        <line num="102" count="165" type="cond" truecount="2" falsecount="0"/>
        <line num="103" count="61" type="stmt"/>
        <line num="106" count="104" type="stmt"/>
        <line num="109" count="104" type="cond" truecount="2" falsecount="0"/>
        <line num="110" count="5" type="stmt"/>
        <line num="113" count="5" type="stmt"/>
        <line num="116" count="99" type="stmt"/>
        <line num="117" count="99" type="cond" truecount="1" falsecount="1"/>
        <line num="119" count="0" type="stmt"/>
        <line num="122" count="0" type="stmt"/>
        <line num="126" count="99" type="stmt"/>
        <line num="127" count="46" type="stmt"/>
        <line num="128" count="44" type="stmt"/>
        <line num="130" count="46" type="cond" truecount="2" falsecount="0"/>
        <line num="131" count="2" type="stmt"/>
        <line num="141" count="99" type="cond" truecount="4" falsecount="0"/>
        <line num="142" count="72" type="stmt"/>
        <line num="143" count="72" type="stmt"/>
        <line num="144" count="72" type="cond" truecount="4" falsecount="0"/>
        <line num="145" count="2" type="stmt"/>
        <line num="155" count="99" type="cond" truecount="2" falsecount="0"/>
        <line num="156" count="15" type="stmt"/>
        <line num="157" count="15" type="cond" truecount="4" falsecount="0"/>
        <line num="158" count="4" type="stmt"/>
        <line num="159" count="4" type="cond" truecount="2" falsecount="0"/>
        <line num="160" count="2" type="stmt"/>
        <line num="171" count="27" type="stmt"/>
      </file>
    </package>
    <package name="shared.src">
      <metrics statements="100" coveredstatements="100" conditionals="18" coveredconditionals="17" methods="23" coveredmethods="23"/>
      <file name="ast.types.ts" path="C:\Users\Dylan\FiveSquared\Repos\NewMonorepo\worldkit-vscode\shared\src\ast.types.ts">
        <metrics statements="0" coveredstatements="0" conditionals="0" coveredconditionals="0" methods="0" coveredmethods="0"/>
      </file>
      <file name="constants.ts" path="C:\Users\Dylan\FiveSquared\Repos\NewMonorepo\worldkit-vscode\shared\src\constants.ts">
        <metrics statements="11" coveredstatements="11" conditionals="0" coveredconditionals="0" methods="0" coveredmethods="0"/>
        <line num="6" count="11" type="stmt"/>
        <line num="9" count="11" type="stmt"/>
        <line num="12" count="11" type="stmt"/>
        <line num="15" count="11" type="stmt"/>
        <line num="18" count="11" type="stmt"/>
        <line num="21" count="11" type="stmt"/>
        <line num="27" count="11" type="stmt"/>
        <line num="37" count="11" type="stmt"/>
        <line num="45" count="11" type="stmt"/>
        <line num="55" count="11" type="stmt"/>
        <line num="65" count="11" type="stmt"/>
      </file>
      <file name="diagnosticCodes.ts" path="C:\Users\Dylan\FiveSquared\Repos\NewMonorepo\worldkit-vscode\shared\src\diagnosticCodes.ts">
        <metrics statements="7" coveredstatements="7" conditionals="0" coveredconditionals="0" methods="2" coveredmethods="2"/>
        <line num="23" count="11" type="stmt"/>
        <line num="64" count="11" type="stmt"/>
        <line num="87" count="11" type="stmt"/>
        <line num="116" count="11" type="stmt"/>
        <line num="122" count="11" type="stmt"/>
        <line num="123" count="143" type="stmt"/>
        <line num="131" count="59" type="stmt"/>
      </file>
      <file name="diagnostics.ts" path="C:\Users\Dylan\FiveSquared\Repos\NewMonorepo\worldkit-vscode\shared\src\diagnostics.ts">
        <metrics statements="8" coveredstatements="8" conditionals="8" coveredconditionals="7" methods="4" coveredmethods="4"/>
        <line num="23" count="91" type="cond" truecount="2" falsecount="0"/>
        <line num="35" count="55" type="stmt"/>
        <line num="36" count="55" type="cond" truecount="2" falsecount="0"/>
        <line num="37" count="1" type="stmt"/>
        <line num="40" count="54" type="stmt"/>
        <line num="52" count="10" type="stmt"/>
        <line num="64" count="5" type="cond" truecount="1" falsecount="1"/>
        <line num="68" count="5" type="stmt"/>
      </file>
      <file name="nodeKind.ts" path="C:\Users\Dylan\FiveSquared\Repos\NewMonorepo\worldkit-vscode\shared\src\nodeKind.ts">
        <metrics statements="31" coveredstatements="31" conditionals="2" coveredconditionals="2" methods="2" coveredmethods="2"/>
        <line num="5" count="11" type="stmt"/>
        <line num="7" count="11" type="stmt"/>
        <line num="8" count="11" type="stmt"/>
        <line num="9" count="11" type="stmt"/>
        <line num="10" count="11" type="stmt"/>
        <line num="13" count="11" type="stmt"/>
        <line num="14" count="11" type="stmt"/>
        <line num="15" count="11" type="stmt"/>
        <line num="16" count="11" type="stmt"/>
        <line num="17" count="11" type="stmt"/>
        <line num="18" count="11" type="stmt"/>
        <line num="21" count="11" type="stmt"/>
        <line num="22" count="11" type="stmt"/>
        <line num="23" count="11" type="stmt"/>
        <line num="24" count="11" type="stmt"/>
        <line num="25" count="11" type="stmt"/>
        <line num="26" count="11" type="stmt"/>
        <line num="27" count="11" type="stmt"/>
        <line num="30" count="11" type="stmt"/>
        <line num="31" count="11" type="stmt"/>
        <line num="32" count="11" type="stmt"/>
        <line num="33" count="11" type="stmt"/>
        <line num="34" count="11" type="stmt"/>
        <line num="37" count="11" type="stmt"/>
        <line num="38" count="11" type="stmt"/>
        <line num="41" count="11" type="stmt"/>
        <line num="42" count="11" type="stmt"/>
        <line num="43" count="11" type="stmt"/>
        <line num="44" count="11" type="stmt"/>
        <line num="48" count="11" type="stmt"/>
        <line num="78" count="672" type="cond" truecount="2" falsecount="0"/>
      </file>
      <file name="nodeUtils.ts" path="C:\Users\Dylan\FiveSquared\Repos\NewMonorepo\worldkit-vscode\shared\src\nodeUtils.ts">
        <metrics statements="36" coveredstatements="36" conditionals="8" coveredconditionals="8" methods="12" coveredmethods="12"/>
        <line num="7" count="88" type="stmt"/>
        <line num="11" count="22" type="stmt"/>
        <line num="15" count="73" type="stmt"/>
        <line num="19" count="2" type="stmt"/>
        <line num="23" count="2" type="stmt"/>
        <line num="27" count="101" type="stmt"/>
        <line num="31" count="2" type="stmt"/>
        <line num="45" count="103786" type="stmt"/>
        <line num="46" count="103786" type="cond" truecount="2" falsecount="0"/>
        <line num="47" count="3768" type="stmt"/>
        <line num="48" count="102642" type="stmt"/>
        <line num="51" count="103786" type="stmt"/>
        <line num="58" count="29" type="stmt"/>
        <line num="59" count="29" type="stmt"/>
        <line num="61" count="154" type="cond" truecount="2" falsecount="0"/>
        <line num="64" count="29" type="stmt"/>
        <line num="79" count="655" type="cond" truecount="2" falsecount="0"/>
        <line num="80" count="655" type="cond" truecount="2" falsecount="0"/>
        <line num="91" count="902" type="stmt"/>
        <line num="97" count="902" type="stmt"/>
        <line num="98" count="902" type="stmt"/>
        <line num="99" count="902" type="stmt"/>
        <line num="100" count="902" type="stmt"/>
        <line num="101" count="628" type="stmt"/>
        <line num="102" count="628" type="stmt"/>
        <line num="103" count="628" type="stmt"/>
        <line num="104" count="628" type="stmt"/>
        <line num="105" count="628" type="stmt"/>
        <line num="106" count="628" type="stmt"/>
        <line num="107" count="628" type="stmt"/>
        <line num="109" count="902" type="stmt"/>
        <line num="110" count="902" type="stmt"/>
        <line num="111" count="737" type="stmt"/>
        <line num="113" count="902" type="stmt"/>
        <line num="114" count="902" type="stmt"/>
        <line num="115" count="902" type="stmt"/>
      </file>
      <file name="sceneTypes.ts" path="C:\Users\Dylan\FiveSquared\Repos\NewMonorepo\worldkit-vscode\shared\src\sceneTypes.ts">
        <metrics statements="0" coveredstatements="0" conditionals="0" coveredconditionals="0" methods="0" coveredmethods="0"/>
      </file>
      <file name="vemlSchema.ts" path="C:\Users\Dylan\FiveSquared\Repos\NewMonorepo\worldkit-vscode\shared\src\vemlSchema.ts">
        <metrics statements="7" coveredstatements="7" conditionals="0" coveredconditionals="0" methods="3" coveredmethods="3"/>
        <line num="24" count="10" type="stmt"/>
        <line num="32" count="10" type="stmt"/>
        <line num="294" count="10" type="stmt"/>
        <line num="296" count="10" type="stmt"/>
        <line num="297" count="220" type="stmt"/>
        <line num="301" count="220" type="stmt"/>
        <line num="308" count="7303" type="stmt"/>
      </file>
    </package>
  </project>
</coverage>
