{"C:\\Users\\Dylan\\FiveSquared\\Repos\\NewMonorepo\\worldkit-vscode\\client\\src\\extension.ts": {"path":"C:\\Users\\Dylan\\FiveSquared\\Repos\\NewMonorepo\\worldkit-vscode\\client\\src\\extension.ts","statementMap":{"0":{"start":{"line":30,"column":24},"end":{"line":30,"column":34}},"1":{"start":{"line":31,"column":24},"end":{"line":31,"column":71}},"2":{"start":{"line":32,"column":2},"end":{"line":32,"column":null}},"3":{"start":{"line":35,"column":2},"end":{"line":47,"column":null}},"4":{"start":{"line":36,"column":4},"end":{"line":36,"column":null}},"5":{"start":{"line":37,"column":4},"end":{"line":37,"column":null}},"6":{"start":{"line":38,"column":4},"end":{"line":38,"column":null}},"7":{"start":{"line":41,"column":4},"end":{"line":46,"column":null}},"8":{"start":{"line":43,"column":8},"end":{"line":43,"column":null}},"9":{"start":{"line":44,"column":8},"end":{"line":44,"column":null}},"10":{"start":{"line":47,"column":4},"end":{"line":47,"column":null}},"11":{"start":{"line":50,"column":2},"end":{"line":50,"column":null}},"12":{"start":{"line":59,"column":20},"end":{"line":59,"column":42}},"13":{"start":{"line":60,"column":2},"end":{"line":60,"column":null}},"14":{"start":{"line":62,"column":19},"end":{"line":62,"column":53}},"15":{"start":{"line":63,"column":18},"end":{"line":63,"column":null}},"16":{"start":{"line":65,"column":26},"end":{"line":65,"column":null}},"17":{"start":{"line":66,"column":23},"end":{"line":66,"column":64}},"18":{"start":{"line":66,"column":44},"end":{"line":66,"column":64}},"19":{"start":{"line":68,"column":2},"end":{"line":68,"column":null}},"20":{"start":{"line":69,"column":2},"end":{"line":69,"column":null}},"21":{"start":{"line":71,"column":2},"end":{"line":73,"column":null}},"22":{"start":{"line":75,"column":2},"end":{"line":79,"column":null}},"23":{"start":{"line":76,"column":4},"end":{"line":76,"column":null}},"24":{"start":{"line":78,"column":4},"end":{"line":78,"column":null}},"25":{"start":{"line":79,"column":4},"end":{"line":79,"column":null}},"26":{"start":{"line":82,"column":2},"end":{"line":86,"column":null}},"27":{"start":{"line":83,"column":4},"end":{"line":86,"column":null}},"28":{"start":{"line":90,"column":2},"end":{"line":90,"column":null}},"29":{"start":{"line":93,"column":2},"end":{"line":93,"column":null}},"30":{"start":{"line":102,"column":24},"end":{"line":102,"column":76}},"31":{"start":{"line":103,"column":2},"end":{"line":103,"column":null}},"32":{"start":{"line":106,"column":2},"end":{"line":108,"column":null}},"33":{"start":{"line":107,"column":4},"end":{"line":107,"column":null}},"34":{"start":{"line":108,"column":4},"end":{"line":108,"column":null}},"35":{"start":{"line":111,"column":25},"end":{"line":130,"column":null}},"36":{"start":{"line":112,"column":4},"end":{"line":130,"column":null}},"37":{"start":{"line":113,"column":6},"end":{"line":113,"column":null}},"38":{"start":{"line":114,"column":23},"end":{"line":114,"column":57}},"39":{"start":{"line":115,"column":30},"end":{"line":115,"column":null}},"40":{"start":{"line":116,"column":27},"end":{"line":116,"column":68}},"41":{"start":{"line":116,"column":48},"end":{"line":116,"column":68}},"42":{"start":{"line":117,"column":6},"end":{"line":117,"column":null}},"43":{"start":{"line":118,"column":6},"end":{"line":118,"column":null}},"44":{"start":{"line":120,"column":6},"end":{"line":122,"column":null}},"45":{"start":{"line":125,"column":6},"end":{"line":126,"column":null}},"46":{"start":{"line":126,"column":8},"end":{"line":126,"column":null}},"47":{"start":{"line":129,"column":22},"end":{"line":129,"column":76}},"48":{"start":{"line":130,"column":6},"end":{"line":130,"column":null}},"49":{"start":{"line":134,"column":2},"end":{"line":134,"column":null}},"50":{"start":{"line":135,"column":2},"end":{"line":135,"column":null}},"51":{"start":{"line":136,"column":2},"end":{"line":136,"column":null}},"52":{"start":{"line":137,"column":2},"end":{"line":137,"column":null}},"53":{"start":{"line":144,"column":23},"end":{"line":144,"column":77}},"54":{"start":{"line":146,"column":39},"end":{"line":156,"column":null}},"55":{"start":{"line":158,"column":47},"end":{"line":165,"column":null}},"56":{"start":{"line":167,"column":2},"end":{"line":172,"column":null}},"57":{"start":{"line":174,"column":2},"end":{"line":217,"column":null}},"58":{"start":{"line":175,"column":4},"end":{"line":175,"column":null}},"59":{"start":{"line":176,"column":4},"end":{"line":176,"column":null}},"60":{"start":{"line":179,"column":33},"end":{"line":179,"column":80}},"61":{"start":{"line":180,"column":21},"end":{"line":183,"column":6}},"62":{"start":{"line":184,"column":4},"end":{"line":184,"column":null}},"63":{"start":{"line":185,"column":4},"end":{"line":185,"column":null}},"64":{"start":{"line":188,"column":4},"end":{"line":195,"column":null}},"65":{"start":{"line":190,"column":8},"end":{"line":193,"column":null}},"66":{"start":{"line":192,"column":10},"end":{"line":192,"column":null}},"67":{"start":{"line":197,"column":4},"end":{"line":201,"column":null}},"68":{"start":{"line":199,"column":8},"end":{"line":199,"column":null}},"69":{"start":{"line":204,"column":4},"end":{"line":208,"column":null}},"70":{"start":{"line":206,"column":8},"end":{"line":206,"column":null}},"71":{"start":{"line":210,"column":4},"end":{"line":210,"column":null}},"72":{"start":{"line":212,"column":20},"end":{"line":212,"column":74}},"73":{"start":{"line":213,"column":4},"end":{"line":213,"column":null}},"74":{"start":{"line":214,"column":4},"end":{"line":216,"column":null}},"75":{"start":{"line":217,"column":4},"end":{"line":217,"column":null}},"76":{"start":{"line":222,"column":2},"end":{"line":223,"column":null}},"77":{"start":{"line":223,"column":4},"end":{"line":223,"column":null}}},"fnMap":{"0":{"name":"activate","decl":{"start":{"line":29,"column":22},"end":{"line":29,"column":31}},"loc":{"start":{"line":29,"column":73},"end":{"line":50,"column":null}},"line":29},"1":{"name":"(anonymous_1)","decl":{"start":{"line":42,"column":41},"end":{"line":42,"column":53}},"loc":{"start":{"line":42,"column":53},"end":{"line":45,"column":null}},"line":42},"2":{"name":"runDiscovery","decl":{"start":{"line":53,"column":15},"end":{"line":53,"column":null}},"loc":{"start":{"line":57,"column":17},"end":{"line":93,"column":null}},"line":57},"3":{"name":"(anonymous_3)","decl":{"start":{"line":66,"column":32},"end":{"line":66,"column":38}},"loc":{"start":{"line":66,"column":44},"end":{"line":66,"column":64}},"line":66},"4":{"name":"setupFileWatchers","decl":{"start":{"line":96,"column":9},"end":{"line":96,"column":null}},"loc":{"start":{"line":100,"column":8},"end":{"line":137,"column":null}},"line":100},"5":{"name":"(anonymous_5)","decl":{"start":{"line":111,"column":25},"end":{"line":111,"column":52}},"loc":{"start":{"line":111,"column":52},"end":{"line":130,"column":null}},"line":111},"6":{"name":"(anonymous_6)","decl":{"start":{"line":116,"column":36},"end":{"line":116,"column":42}},"loc":{"start":{"line":116,"column":48},"end":{"line":116,"column":68}},"line":116},"7":{"name":"startLanguageServer","decl":{"start":{"line":140,"column":15},"end":{"line":140,"column":null}},"loc":{"start":{"line":143,"column":17},"end":{"line":217,"column":null}},"line":143},"8":{"name":"(anonymous_8)","decl":{"start":{"line":189,"column":40},"end":{"line":189,"column":64}},"loc":{"start":{"line":189,"column":64},"end":{"line":194,"column":null}},"line":189},"9":{"name":"(anonymous_9)","decl":{"start":{"line":190,"column":72},"end":{"line":190,"column":84}},"loc":{"start":{"line":190,"column":84},"end":{"line":193,"column":null}},"line":190},"10":{"name":"(anonymous_10)","decl":{"start":{"line":198,"column":45},"end":{"line":198,"column":67}},"loc":{"start":{"line":198,"column":67},"end":{"line":200,"column":null}},"line":198},"11":{"name":"(anonymous_11)","decl":{"start":{"line":205,"column":13},"end":{"line":205,"column":47}},"loc":{"start":{"line":205,"column":47},"end":{"line":207,"column":null}},"line":205},"12":{"name":"deactivate","decl":{"start":{"line":221,"column":22},"end":{"line":221,"column":50}},"loc":{"start":{"line":221,"column":50},"end":{"line":223,"column":null}},"line":221}},"branchMap":{"0":{"loc":{"start":{"line":35,"column":2},"end":{"line":47,"column":null}},"type":"if","locations":[{"start":{"line":35,"column":2},"end":{"line":47,"column":null}},{"start":{},"end":{}}],"line":35},"1":{"loc":{"start":{"line":75,"column":2},"end":{"line":79,"column":null}},"type":"if","locations":[{"start":{"line":75,"column":2},"end":{"line":79,"column":null}},{"start":{},"end":{}}],"line":75},"2":{"loc":{"start":{"line":85,"column":7},"end":{"line":85,"column":null}},"type":"cond-expr","locations":[{"start":{"line":85,"column":29},"end":{"line":85,"column":67}},{"start":{"line":85,"column":67},"end":{"line":85,"column":null}}],"line":85},"3":{"loc":{"start":{"line":106,"column":2},"end":{"line":108,"column":null}},"type":"if","locations":[{"start":{"line":106,"column":2},"end":{"line":108,"column":null}},{"start":{},"end":{}}],"line":106},"4":{"loc":{"start":{"line":125,"column":6},"end":{"line":126,"column":null}},"type":"if","locations":[{"start":{"line":125,"column":6},"end":{"line":126,"column":null}},{"start":{},"end":{}}],"line":125},"5":{"loc":{"start":{"line":125,"column":10},"end":{"line":125,"column":38}},"type":"binary-expr","locations":[{"start":{"line":125,"column":10},"end":{"line":125,"column":29}},{"start":{"line":125,"column":29},"end":{"line":125,"column":38}}],"line":125},"6":{"loc":{"start":{"line":129,"column":22},"end":{"line":129,"column":76}},"type":"cond-expr","locations":[{"start":{"line":129,"column":47},"end":{"line":129,"column":63}},{"start":{"line":129,"column":63},"end":{"line":129,"column":76}}],"line":129},"7":{"loc":{"start":{"line":163,"column":18},"end":{"line":163,"column":83}},"type":"binary-expr","locations":[{"start":{"line":163,"column":18},"end":{"line":163,"column":37}},{"start":{"line":163,"column":37},"end":{"line":163,"column":83}}],"line":163},"8":{"loc":{"start":{"line":212,"column":20},"end":{"line":212,"column":74}},"type":"cond-expr","locations":[{"start":{"line":212,"column":45},"end":{"line":212,"column":61}},{"start":{"line":212,"column":61},"end":{"line":212,"column":74}}],"line":212},"9":{"loc":{"start":{"line":222,"column":2},"end":{"line":223,"column":null}},"type":"if","locations":[{"start":{"line":222,"column":2},"end":{"line":223,"column":null}},{"start":{},"end":{}}],"line":222}},"s":{"0":0,"1":0,"2":0,"3":0,"4":0,"5":0,"6":0,"7":0,"8":0,"9":0,"10":0,"11":0,"12":0,"13":0,"14":0,"15":0,"16":0,"17":0,"18":0,"19":0,"20":0,"21":0,"22":0,"23":0,"24":0,"25":0,"26":0,"27":0,"28":0,"29":0,"30":0,"31":0,"32":0,"33":0,"34":0,"35":0,"36":0,"37":0,"38":0,"39":0,"40":0,"41":0,"42":0,"43":0,"44":0,"45":0,"46":0,"47":0,"48":0,"49":0,"50":0,"51":0,"52":0,"53":0,"54":0,"55":0,"56":0,"57":0,"58":0,"59":0,"60":0,"61":0,"62":0,"63":0,"64":0,"65":0,"66":0,"67":0,"68":0,"69":0,"70":0,"71":0,"72":0,"73":0,"74":0,"75":0,"76":0,"77":0},"f":{"0":0,"1":0,"2":0,"3":0,"4":0,"5":0,"6":0,"7":0,"8":0,"9":0,"10":0,"11":0,"12":0},"b":{"0":[0,0],"1":[0,0],"2":[0,0],"3":[0,0],"4":[0,0],"5":[0,0],"6":[0,0],"7":[0,0],"8":[0,0],"9":[0,0]},"meta":{"lastBranch":10,"lastFunction":13,"lastStatement":78,"seen":{"f:29:22:29:31":0,"s:30:24:30:34":0,"s:31:24:31:71":1,"s:32:2:32:Infinity":2,"b:35:2:47:Infinity:undefined:undefined:undefined:undefined":0,"s:35:2:47:Infinity":3,"s:36:4:36:Infinity":4,"s:37:4:37:Infinity":5,"s:38:4:38:Infinity":6,"s:41:4:46:Infinity":7,"f:42:41:42:53":1,"s:43:8:43:Infinity":8,"s:44:8:44:Infinity":9,"s:47:4:47:Infinity":10,"s:50:2:50:Infinity":11,"f:53:15:53:Infinity":2,"s:59:20:59:42":12,"s:60:2:60:Infinity":13,"s:62:19:62:53":14,"s:63:18:63:Infinity":15,"s:65:26:65:Infinity":16,"s:66:23:66:64":17,"f:66:32:66:38":3,"s:66:44:66:64":18,"s:68:2:68:Infinity":19,"s:69:2:69:Infinity":20,"s:71:2:73:Infinity":21,"b:75:2:79:Infinity:undefined:undefined:undefined:undefined":1,"s:75:2:79:Infinity":22,"s:76:4:76:Infinity":23,"s:78:4:78:Infinity":24,"s:79:4:79:Infinity":25,"s:82:2:86:Infinity":26,"s:83:4:86:Infinity":27,"b:85:29:85:67:85:67:85:Infinity":2,"s:90:2:90:Infinity":28,"s:93:2:93:Infinity":29,"f:96:9:96:Infinity":4,"s:102:24:102:76":30,"s:103:2:103:Infinity":31,"b:106:2:108:Infinity:undefined:undefined:undefined:undefined":3,"s:106:2:108:Infinity":32,"s:107:4:107:Infinity":33,"s:108:4:108:Infinity":34,"s:111:25:130:Infinity":35,"f:111:25:111:52":5,"s:112:4:130:Infinity":36,"s:113:6:113:Infinity":37,"s:114:23:114:57":38,"s:115:30:115:Infinity":39,"s:116:27:116:68":40,"f:116:36:116:42":6,"s:116:48:116:68":41,"s:117:6:117:Infinity":42,"s:118:6:118:Infinity":43,"s:120:6:122:Infinity":44,"b:125:6:126:Infinity:undefined:undefined:undefined:undefined":4,"s:125:6:126:Infinity":45,"b:125:10:125:29:125:29:125:38":5,"s:126:8:126:Infinity":46,"s:129:22:129:76":47,"b:129:47:129:63:129:63:129:76":6,"s:130:6:130:Infinity":48,"s:134:2:134:Infinity":49,"s:135:2:135:Infinity":50,"s:136:2:136:Infinity":51,"s:137:2:137:Infinity":52,"f:140:15:140:Infinity":7,"s:144:23:144:77":53,"s:146:39:156:Infinity":54,"s:158:47:165:Infinity":55,"b:163:18:163:37:163:37:163:83":7,"s:167:2:172:Infinity":56,"s:174:2:217:Infinity":57,"s:175:4:175:Infinity":58,"s:176:4:176:Infinity":59,"s:179:33:179:80":60,"s:180:21:183:6":61,"s:184:4:184:Infinity":62,"s:185:4:185:Infinity":63,"s:188:4:195:Infinity":64,"f:189:40:189:64":8,"s:190:8:193:Infinity":65,"f:190:72:190:84":9,"s:192:10:192:Infinity":66,"s:197:4:201:Infinity":67,"f:198:45:198:67":10,"s:199:8:199:Infinity":68,"s:204:4:208:Infinity":69,"f:205:13:205:47":11,"s:206:8:206:Infinity":70,"s:210:4:210:Infinity":71,"s:212:20:212:74":72,"b:212:45:212:61:212:61:212:74":8,"s:213:4:213:Infinity":73,"s:214:4:216:Infinity":74,"s:217:4:217:Infinity":75,"f:221:22:221:50":12,"b:222:2:223:Infinity:undefined:undefined:undefined:undefined":9,"s:222:2:223:Infinity":76,"s:223:4:223:Infinity":77}}}
,"C:\\Users\\Dylan\\FiveSquared\\Repos\\NewMonorepo\\worldkit-vscode\\client\\src\\projectDiscovery.ts": {"path":"C:\\Users\\Dylan\\FiveSquared\\Repos\\NewMonorepo\\worldkit-vscode\\client\\src\\projectDiscovery.ts","statementMap":{"0":{"start":{"line":16,"column":25},"end":{"line":21,"column":2}},"1":{"start":{"line":36,"column":43},"end":{"line":36,"column":74}},"2":{"start":{"line":37,"column":47},"end":{"line":37,"column":49}},"3":{"start":{"line":40,"column":54},"end":{"line":40,"column":null}},"4":{"start":{"line":43,"column":4},"end":{"line":43,"column":null}},"5":{"start":{"line":52,"column":36},"end":{"line":52,"column":38}},"6":{"start":{"line":53,"column":22},"end":{"line":53,"column":39}},"7":{"start":{"line":55,"column":4},"end":{"line":126,"column":null}},"8":{"start":{"line":57,"column":22},"end":{"line":57,"column":98}},"9":{"start":{"line":58,"column":6},"end":{"line":69,"column":null}},"10":{"start":{"line":59,"column":25},"end":{"line":59,"column":55}},"11":{"start":{"line":60,"column":8},"end":{"line":69,"column":null}},"12":{"start":{"line":61,"column":10},"end":{"line":61,"column":null}},"13":{"start":{"line":62,"column":39},"end":{"line":67,"column":null}},"14":{"start":{"line":68,"column":10},"end":{"line":68,"column":null}},"15":{"start":{"line":69,"column":10},"end":{"line":69,"column":null}},"16":{"start":{"line":74,"column":24},"end":{"line":74,"column":84}},"17":{"start":{"line":77,"column":6},"end":{"line":79,"column":null}},"18":{"start":{"line":78,"column":8},"end":{"line":79,"column":null}},"19":{"start":{"line":79,"column":10},"end":{"line":79,"column":null}},"20":{"start":{"line":83,"column":6},"end":{"line":95,"column":null}},"21":{"start":{"line":84,"column":8},"end":{"line":95,"column":null}},"22":{"start":{"line":85,"column":27},"end":{"line":85,"column":null}},"23":{"start":{"line":86,"column":10},"end":{"line":95,"column":null}},"24":{"start":{"line":87,"column":12},"end":{"line":87,"column":null}},"25":{"start":{"line":88,"column":41},"end":{"line":93,"column":null}},"26":{"start":{"line":94,"column":12},"end":{"line":94,"column":null}},"27":{"start":{"line":95,"column":12},"end":{"line":95,"column":null}},"28":{"start":{"line":101,"column":26},"end":{"line":101,"column":91}},"29":{"start":{"line":102,"column":6},"end":{"line":122,"column":null}},"30":{"start":{"line":103,"column":25},"end":{"line":103,"column":55}},"31":{"start":{"line":104,"column":8},"end":{"line":104,"column":null}},"32":{"start":{"line":104,"column":37},"end":{"line":104,"column":null}},"33":{"start":{"line":106,"column":8},"end":{"line":122,"column":null}},"34":{"start":{"line":107,"column":22},"end":{"line":107,"column":60}},"35":{"start":{"line":108,"column":23},"end":{"line":108,"column":52}},"36":{"start":{"line":109,"column":23},"end":{"line":109,"column":39}},"37":{"start":{"line":111,"column":10},"end":{"line":120,"column":null}},"38":{"start":{"line":112,"column":12},"end":{"line":112,"column":null}},"39":{"start":{"line":113,"column":41},"end":{"line":118,"column":null}},"40":{"start":{"line":119,"column":12},"end":{"line":119,"column":null}},"41":{"start":{"line":120,"column":12},"end":{"line":120,"column":null}},"42":{"start":{"line":130,"column":4},"end":{"line":130,"column":null}},"43":{"start":{"line":134,"column":4},"end":{"line":135,"column":null}},"44":{"start":{"line":135,"column":6},"end":{"line":135,"column":null}},"45":{"start":{"line":137,"column":4},"end":{"line":137,"column":null}}},"fnMap":{"0":{"name":"(anonymous_0)","decl":{"start":{"line":42,"column":2},"end":{"line":42,"column":16}},"loc":{"start":{"line":42,"column":16},"end":{"line":43,"column":null}},"line":42},"1":{"name":"(anonymous_1)","decl":{"start":{"line":51,"column":8},"end":{"line":51,"column":51}},"loc":{"start":{"line":51,"column":51},"end":{"line":130,"column":null}},"line":51},"2":{"name":"(anonymous_2)","decl":{"start":{"line":133,"column":2},"end":{"line":133,"column":18}},"loc":{"start":{"line":133,"column":18},"end":{"line":137,"column":null}},"line":133}},"branchMap":{"0":{"loc":{"start":{"line":60,"column":8},"end":{"line":69,"column":null}},"type":"if","locations":[{"start":{"line":60,"column":8},"end":{"line":69,"column":null}},{"start":{},"end":{}}],"line":60},"1":{"loc":{"start":{"line":77,"column":6},"end":{"line":79,"column":null}},"type":"if","locations":[{"start":{"line":77,"column":6},"end":{"line":79,"column":null}},{"start":{},"end":{}}],"line":77},"2":{"loc":{"start":{"line":83,"column":6},"end":{"line":95,"column":null}},"type":"if","locations":[{"start":{"line":83,"column":6},"end":{"line":95,"column":null}},{"start":{},"end":{}}],"line":83},"3":{"loc":{"start":{"line":83,"column":10},"end":{"line":83,"column":62}},"type":"binary-expr","locations":[{"start":{"line":83,"column":10},"end":{"line":83,"column":34}},{"start":{"line":83,"column":34},"end":{"line":83,"column":62}}],"line":83},"4":{"loc":{"start":{"line":86,"column":10},"end":{"line":95,"column":null}},"type":"if","locations":[{"start":{"line":86,"column":10},"end":{"line":95,"column":null}},{"start":{},"end":{}}],"line":86},"5":{"loc":{"start":{"line":104,"column":8},"end":{"line":104,"column":null}},"type":"if","locations":[{"start":{"line":104,"column":8},"end":{"line":104,"column":null}},{"start":{},"end":{}}],"line":104},"6":{"loc":{"start":{"line":111,"column":10},"end":{"line":120,"column":null}},"type":"if","locations":[{"start":{"line":111,"column":10},"end":{"line":120,"column":null}},{"start":{},"end":{}}],"line":111},"7":{"loc":{"start":{"line":111,"column":14},"end":{"line":111,"column":58}},"type":"binary-expr","locations":[{"start":{"line":111,"column":14},"end":{"line":111,"column":27}},{"start":{"line":111,"column":27},"end":{"line":111,"column":58}}],"line":111}},"s":{"0":1,"1":16,"2":16,"3":16,"4":16,"5":14,"6":14,"7":14,"8":14,"9":13,"10":10,"11":10,"12":10,"13":10,"14":10,"15":10,"16":13,"17":13,"18":4,"19":6,"20":13,"21":3,"22":4,"23":4,"24":3,"25":3,"26":3,"27":3,"28":13,"29":13,"30":5,"31":5,"32":0,"33":5,"34":5,"35":5,"36":5,"37":5,"38":2,"39":2,"40":2,"41":2,"42":14,"43":17,"44":16,"45":17},"f":{"0":16,"1":14,"2":17},"b":{"0":[10,0],"1":[4,9],"2":[3,10],"3":[13,4],"4":[3,1],"5":[0,5],"6":[2,3],"7":[5,3]},"meta":{"lastBranch":8,"lastFunction":3,"lastStatement":46,"seen":{"s:16:25:21:2":0,"s:36:43:36:74":1,"s:37:47:37:49":2,"s:40:54:40:Infinity":3,"f:42:2:42:16":0,"s:43:4:43:Infinity":4,"f:51:8:51:51":1,"s:52:36:52:38":5,"s:53:22:53:39":6,"s:55:4:126:Infinity":7,"s:57:22:57:98":8,"s:58:6:69:Infinity":9,"s:59:25:59:55":10,"b:60:8:69:Infinity:undefined:undefined:undefined:undefined":0,"s:60:8:69:Infinity":11,"s:61:10:61:Infinity":12,"s:62:39:67:Infinity":13,"s:68:10:68:Infinity":14,"s:69:10:69:Infinity":15,"s:74:24:74:84":16,"b:77:6:79:Infinity:undefined:undefined:undefined:undefined":1,"s:77:6:79:Infinity":17,"s:78:8:79:Infinity":18,"s:79:10:79:Infinity":19,"b:83:6:95:Infinity:undefined:undefined:undefined:undefined":2,"s:83:6:95:Infinity":20,"b:83:10:83:34:83:34:83:62":3,"s:84:8:95:Infinity":21,"s:85:27:85:Infinity":22,"b:86:10:95:Infinity:undefined:undefined:undefined:undefined":4,"s:86:10:95:Infinity":23,"s:87:12:87:Infinity":24,"s:88:41:93:Infinity":25,"s:94:12:94:Infinity":26,"s:95:12:95:Infinity":27,"s:101:26:101:91":28,"s:102:6:122:Infinity":29,"s:103:25:103:55":30,"b:104:8:104:Infinity:undefined:undefined:undefined:undefined":5,"s:104:8:104:Infinity":31,"s:104:37:104:Infinity":32,"s:106:8:122:Infinity":33,"s:107:22:107:60":34,"s:108:23:108:52":35,"s:109:23:109:39":36,"b:111:10:120:Infinity:undefined:undefined:undefined:undefined":6,"s:111:10:120:Infinity":37,"b:111:14:111:27:111:27:111:58":7,"s:112:12:112:Infinity":38,"s:113:41:118:Infinity":39,"s:119:12:119:Infinity":40,"s:120:12:120:Infinity":41,"s:130:4:130:Infinity":42,"f:133:2:133:18":2,"s:134:4:135:Infinity":43,"s:135:6:135:Infinity":44,"s:137:4:137:Infinity":45}}}
,"C:\\Users\\Dylan\\FiveSquared\\Repos\\NewMonorepo\\worldkit-vscode\\client\\src\\sceneOutline.ts": {"path":"C:\\Users\\Dylan\\FiveSquared\\Repos\\NewMonorepo\\worldkit-vscode\\client\\src\\sceneOutline.ts","statementMap":{"0":{"start":{"line":7,"column":33},"end":{"line":7,"column":null}},"1":{"start":{"line":13,"column":25},"end":{"line":17,"column":null}},"2":{"start":{"line":23,"column":2},"end":{"line":46,"column":null}},"3":{"start":{"line":24,"column":18},"end":{"line":24,"column":null}},"4":{"start":{"line":25,"column":21},"end":{"line":25,"column":null}},"5":{"start":{"line":26,"column":19},"end":{"line":26,"column":null}},"6":{"start":{"line":27,"column":24},"end":{"line":27,"column":null}},"7":{"start":{"line":29,"column":20},"end":{"line":29,"column":null}},"8":{"start":{"line":38,"column":22},"end":{"line":38,"column":null}},"9":{"start":{"line":40,"column":19},"end":{"line":40,"column":null}},"10":{"start":{"line":45,"column":18},"end":{"line":45,"column":null}},"11":{"start":{"line":46,"column":13},"end":{"line":46,"column":null}},"12":{"start":{"line":65,"column":2},"end":{"line":70,"column":null}},"13":{"start":{"line":102,"column":22},"end":{"line":102,"column":null}},"14":{"start":{"line":103,"column":30},"end":{"line":113,"column":null}},"15":{"start":{"line":116,"column":2},"end":{"line":121,"column":null}},"16":{"start":{"line":117,"column":4},"end":{"line":121,"column":null}},"17":{"start":{"line":124,"column":2},"end":{"line":124,"column":null}},"18":{"start":{"line":131,"column":2},"end":{"line":138,"column":null}}},"fnMap":{"0":{"name":"getIconForKind","decl":{"start":{"line":22,"column":16},"end":{"line":22,"column":31}},"loc":{"start":{"line":22,"column":57},"end":{"line":46,"column":null}},"line":22},"1":{"name":"sourceRangeToSelection","decl":{"start":{"line":64,"column":16},"end":{"line":64,"column":39}},"loc":{"start":{"line":64,"column":75},"end":{"line":70,"column":null}},"line":64},"2":{"name":"createTreeItem","decl":{"start":{"line":101,"column":16},"end":{"line":101,"column":31}},"loc":{"start":{"line":101,"column":80},"end":{"line":124,"column":null}},"line":101},"3":{"name":"createMessageNode","decl":{"start":{"line":130,"column":16},"end":{"line":130,"column":34}},"loc":{"start":{"line":130,"column":62},"end":{"line":138,"column":null}},"line":130}},"branchMap":{"0":{"loc":{"start":{"line":23,"column":2},"end":{"line":46,"column":null}},"type":"switch","locations":[{"start":{"line":24,"column":4},"end":{"line":24,"column":null}},{"start":{"line":25,"column":4},"end":{"line":25,"column":null}},{"start":{"line":26,"column":4},"end":{"line":26,"column":null}},{"start":{"line":27,"column":4},"end":{"line":27,"column":null}},{"start":{"line":28,"column":4},"end":{"line":28,"column":null}},{"start":{"line":29,"column":4},"end":{"line":29,"column":null}},{"start":{"line":30,"column":4},"end":{"line":30,"column":null}},{"start":{"line":31,"column":4},"end":{"line":31,"column":null}},{"start":{"line":32,"column":4},"end":{"line":32,"column":null}},{"start":{"line":33,"column":4},"end":{"line":33,"column":null}},{"start":{"line":34,"column":4},"end":{"line":34,"column":null}},{"start":{"line":35,"column":4},"end":{"line":35,"column":null}},{"start":{"line":36,"column":4},"end":{"line":36,"column":null}},{"start":{"line":37,"column":4},"end":{"line":37,"column":null}},{"start":{"line":38,"column":4},"end":{"line":38,"column":null}},{"start":{"line":39,"column":4},"end":{"line":39,"column":null}},{"start":{"line":40,"column":4},"end":{"line":40,"column":null}},{"start":{"line":41,"column":4},"end":{"line":41,"column":null}},{"start":{"line":42,"column":4},"end":{"line":42,"column":null}},{"start":{"line":43,"column":4},"end":{"line":43,"column":null}},{"start":{"line":44,"column":4},"end":{"line":44,"column":null}},{"start":{"line":45,"column":4},"end":{"line":45,"column":null}},{"start":{"line":46,"column":4},"end":{"line":46,"column":null}}],"line":23},"1":{"loc":{"start":{"line":105,"column":17},"end":{"line":105,"column":null}},"type":"cond-expr","locations":[{"start":{"line":105,"column":44},"end":{"line":105,"column":56}},{"start":{"line":105,"column":56},"end":{"line":105,"column":null}}],"line":105},"2":{"loc":{"start":{"line":106,"column":22},"end":{"line":106,"column":null}},"type":"cond-expr","locations":[{"start":{"line":106,"column":36},"end":{"line":106,"column":64}},{"start":{"line":106,"column":64},"end":{"line":106,"column":null}}],"line":106},"3":{"loc":{"start":{"line":116,"column":2},"end":{"line":121,"column":null}},"type":"if","locations":[{"start":{"line":116,"column":2},"end":{"line":121,"column":null}},{"start":{},"end":{}}],"line":116},"4":{"loc":{"start":{"line":116,"column":6},"end":{"line":116,"column":53}},"type":"binary-expr","locations":[{"start":{"line":116,"column":6},"end":{"line":116,"column":16}},{"start":{"line":116,"column":16},"end":{"line":116,"column":53}}],"line":116}},"s":{"0":1,"1":1,"2":18,"3":1,"4":1,"5":10,"6":1,"7":0,"8":1,"9":2,"10":0,"11":2,"12":4,"13":10,"14":10,"15":10,"16":1,"17":10,"18":6},"f":{"0":18,"1":4,"2":10,"3":6},"b":{"0":[1,1,10,1,0,0,1,1,1,1,1,1,1,1,1,1,2,0,0,0,0,0,2],"1":[9,1],"2":[1,9],"3":[1,9],"4":[10,1]},"meta":{"lastBranch":5,"lastFunction":4,"lastStatement":19,"seen":{"s:7:33:7:Infinity":0,"s:13:25:17:Infinity":1,"f:22:16:22:31":0,"b:24:4:24:Infinity:25:4:25:Infinity:26:4:26:Infinity:27:4:27:Infinity:28:4:28:Infinity:29:4:29:Infinity:30:4:30:Infinity:31:4:31:Infinity:32:4:32:Infinity:33:4:33:Infinity:34:4:34:Infinity:35:4:35:Infinity:36:4:36:Infinity:37:4:37:Infinity:38:4:38:Infinity:39:4:39:Infinity:40:4:40:Infinity:41:4:41:Infinity:42:4:42:Infinity:43:4:43:Infinity:44:4:44:Infinity:45:4:45:Infinity:46:4:46:Infinity":0,"s:23:2:46:Infinity":2,"s:24:18:24:Infinity":3,"s:25:21:25:Infinity":4,"s:26:19:26:Infinity":5,"s:27:24:27:Infinity":6,"s:29:20:29:Infinity":7,"s:38:22:38:Infinity":8,"s:40:19:40:Infinity":9,"s:45:18:45:Infinity":10,"s:46:13:46:Infinity":11,"f:64:16:64:39":1,"s:65:2:70:Infinity":12,"f:101:16:101:31":2,"s:102:22:102:Infinity":13,"s:103:30:113:Infinity":14,"b:105:44:105:56:105:56:105:Infinity":1,"b:106:36:106:64:106:64:106:Infinity":2,"b:116:2:121:Infinity:undefined:undefined:undefined:undefined":3,"s:116:2:121:Infinity":15,"b:116:6:116:16:116:16:116:53":4,"s:117:4:121:Infinity":16,"s:124:2:124:Infinity":17,"f:130:16:130:34":3,"s:131:2:138:Infinity":18}}}
,"C:\\Users\\Dylan\\FiveSquared\\Repos\\NewMonorepo\\worldkit-vscode\\client\\src\\sceneOutlineProvider.ts": {"path":"C:\\Users\\Dylan\\FiveSquared\\Repos\\NewMonorepo\\worldkit-vscode\\client\\src\\sceneOutlineProvider.ts","statementMap":{"0":{"start":{"line":24,"column":42},"end":{"line":24,"column":90}},"1":{"start":{"line":25,"column":33},"end":{"line":25,"column":null}},"2":{"start":{"line":27,"column":37},"end":{"line":27,"column":39}},"3":{"start":{"line":31,"column":21},"end":{"line":31,"column":null}},"4":{"start":{"line":32,"column":21},"end":{"line":32,"column":null}},"5":{"start":{"line":40,"column":4},"end":{"line":40,"column":null}},"6":{"start":{"line":41,"column":4},"end":{"line":41,"column":null}},"7":{"start":{"line":42,"column":4},"end":{"line":42,"column":null}},"8":{"start":{"line":47,"column":4},"end":{"line":50,"column":null}},"9":{"start":{"line":48,"column":19},"end":{"line":48,"column":77}},"10":{"start":{"line":49,"column":6},"end":{"line":49,"column":null}},"11":{"start":{"line":50,"column":6},"end":{"line":50,"column":null}},"12":{"start":{"line":53,"column":10},"end":{"line":53,"column":60}},"13":{"start":{"line":54,"column":17},"end":{"line":54,"column":92}},"14":{"start":{"line":55,"column":4},"end":{"line":55,"column":null}},"15":{"start":{"line":56,"column":4},"end":{"line":56,"column":null}},"16":{"start":{"line":57,"column":4},"end":{"line":57,"column":null}},"17":{"start":{"line":58,"column":4},"end":{"line":58,"column":null}},"18":{"start":{"line":61,"column":4},"end":{"line":71,"column":null}},"19":{"start":{"line":62,"column":18},"end":{"line":62,"column":null}},"20":{"start":{"line":63,"column":6},"end":{"line":71,"column":null}},"21":{"start":{"line":64,"column":8},"end":{"line":71,"column":null}},"22":{"start":{"line":75,"column":4},"end":{"line":75,"column":null}},"23":{"start":{"line":80,"column":4},"end":{"line":81,"column":null}},"24":{"start":{"line":81,"column":6},"end":{"line":81,"column":null}},"25":{"start":{"line":85,"column":19},"end":{"line":85,"column":null}},"26":{"start":{"line":86,"column":4},"end":{"line":88,"column":null}},"27":{"start":{"line":87,"column":6},"end":{"line":87,"column":null}},"28":{"start":{"line":88,"column":6},"end":{"line":88,"column":null}},"29":{"start":{"line":91,"column":4},"end":{"line":103,"column":null}},"30":{"start":{"line":92,"column":18},"end":{"line":92,"column":48}},"31":{"start":{"line":93,"column":6},"end":{"line":93,"column":null}},"32":{"start":{"line":94,"column":20},"end":{"line":96,"column":null}},"33":{"start":{"line":98,"column":6},"end":{"line":98,"column":null}},"34":{"start":{"line":99,"column":6},"end":{"line":99,"column":null}},"35":{"start":{"line":101,"column":22},"end":{"line":101,"column":70}},"36":{"start":{"line":102,"column":6},"end":{"line":102,"column":null}},"37":{"start":{"line":103,"column":6},"end":{"line":103,"column":null}},"38":{"start":{"line":108,"column":4},"end":{"line":108,"column":null}}},"fnMap":{"0":{"name":"(anonymous_0)","decl":{"start":{"line":30,"column":2},"end":{"line":30,"column":null}},"loc":{"start":{"line":33,"column":4},"end":{"line":32,"column":null}},"line":33},"1":{"name":"(anonymous_1)","decl":{"start":{"line":39,"column":2},"end":{"line":39,"column":18}},"loc":{"start":{"line":39,"column":18},"end":{"line":42,"column":null}},"line":39},"2":{"name":"(anonymous_2)","decl":{"start":{"line":45,"column":2},"end":{"line":45,"column":14}},"loc":{"start":{"line":45,"column":44},"end":{"line":75,"column":null}},"line":45},"3":{"name":"(anonymous_3)","decl":{"start":{"line":78,"column":8},"end":{"line":78,"column":20}},"loc":{"start":{"line":78,"column":63},"end":{"line":103,"column":null}},"line":78},"4":{"name":"(anonymous_4)","decl":{"start":{"line":107,"column":2},"end":{"line":107,"column":18}},"loc":{"start":{"line":107,"column":18},"end":{"line":108,"column":null}},"line":107}},"branchMap":{"0":{"loc":{"start":{"line":47,"column":4},"end":{"line":50,"column":null}},"type":"if","locations":[{"start":{"line":47,"column":4},"end":{"line":50,"column":null}},{"start":{},"end":{}}],"line":47},"1":{"loc":{"start":{"line":61,"column":4},"end":{"line":71,"column":null}},"type":"if","locations":[{"start":{"line":61,"column":4},"end":{"line":71,"column":null}},{"start":{},"end":{}}],"line":61},"2":{"loc":{"start":{"line":61,"column":8},"end":{"line":61,"column":44}},"type":"binary-expr","locations":[{"start":{"line":61,"column":8},"end":{"line":61,"column":24}},{"start":{"line":61,"column":24},"end":{"line":61,"column":44}}],"line":61},"3":{"loc":{"start":{"line":63,"column":6},"end":{"line":71,"column":null}},"type":"if","locations":[{"start":{"line":63,"column":6},"end":{"line":71,"column":null}},{"start":{},"end":{}}],"line":63},"4":{"loc":{"start":{"line":80,"column":4},"end":{"line":81,"column":null}},"type":"if","locations":[{"start":{"line":80,"column":4},"end":{"line":81,"column":null}},{"start":{},"end":{}}],"line":80},"5":{"loc":{"start":{"line":86,"column":4},"end":{"line":88,"column":null}},"type":"if","locations":[{"start":{"line":86,"column":4},"end":{"line":88,"column":null}},{"start":{},"end":{}}],"line":86},"6":{"loc":{"start":{"line":86,"column":8},"end":{"line":86,"column":58}},"type":"binary-expr","locations":[{"start":{"line":86,"column":8},"end":{"line":86,"column":19}},{"start":{"line":86,"column":19},"end":{"line":86,"column":58}}],"line":86},"7":{"loc":{"start":{"line":99,"column":13},"end":{"line":99,"column":86}},"type":"cond-expr","locations":[{"start":{"line":99,"column":32},"end":{"line":99,"column":40}},{"start":{"line":99,"column":40},"end":{"line":99,"column":86}}],"line":99},"8":{"loc":{"start":{"line":101,"column":22},"end":{"line":101,"column":70}},"type":"cond-expr","locations":[{"start":{"line":101,"column":45},"end":{"line":101,"column":59}},{"start":{"line":101,"column":59},"end":{"line":101,"column":70}}],"line":101}},"s":{"0":0,"1":0,"2":0,"3":0,"4":0,"5":0,"6":0,"7":0,"8":0,"9":0,"10":0,"11":0,"12":0,"13":0,"14":0,"15":0,"16":0,"17":0,"18":0,"19":0,"20":0,"21":0,"22":0,"23":0,"24":0,"25":0,"26":0,"27":0,"28":0,"29":0,"30":0,"31":0,"32":0,"33":0,"34":0,"35":0,"36":0,"37":0,"38":0},"f":{"0":0,"1":0,"2":0,"3":0,"4":0},"b":{"0":[0,0],"1":[0,0],"2":[0,0],"3":[0,0],"4":[0,0],"5":[0,0],"6":[0,0],"7":[0,0],"8":[0,0]},"meta":{"lastBranch":9,"lastFunction":5,"lastStatement":39,"seen":{"s:24:42:24:90":0,"s:25:33:25:Infinity":1,"s:27:37:27:39":2,"f:30:2:30:Infinity":0,"s:31:21:31:Infinity":3,"s:32:21:32:Infinity":4,"f:39:2:39:18":1,"s:40:4:40:Infinity":5,"s:41:4:41:Infinity":6,"s:42:4:42:Infinity":7,"f:45:2:45:14":2,"b:47:4:50:Infinity:undefined:undefined:undefined:undefined":0,"s:47:4:50:Infinity":8,"s:48:19:48:77":9,"s:49:6:49:Infinity":10,"s:50:6:50:Infinity":11,"s:53:10:53:60":12,"s:54:17:54:92":13,"s:55:4:55:Infinity":14,"s:56:4:56:Infinity":15,"s:57:4:57:Infinity":16,"s:58:4:58:Infinity":17,"b:61:4:71:Infinity:undefined:undefined:undefined:undefined":1,"s:61:4:71:Infinity":18,"b:61:8:61:24:61:24:61:44":2,"s:62:18:62:Infinity":19,"b:63:6:71:Infinity:undefined:undefined:undefined:undefined":3,"s:63:6:71:Infinity":20,"s:64:8:71:Infinity":21,"s:75:4:75:Infinity":22,"f:78:8:78:20":3,"b:80:4:81:Infinity:undefined:undefined:undefined:undefined":4,"s:80:4:81:Infinity":23,"s:81:6:81:Infinity":24,"s:85:19:85:Infinity":25,"b:86:4:88:Infinity:undefined:undefined:undefined:undefined":5,"s:86:4:88:Infinity":26,"b:86:8:86:19:86:19:86:58":6,"s:87:6:87:Infinity":27,"s:88:6:88:Infinity":28,"s:91:4:103:Infinity":29,"s:92:18:92:48":30,"s:93:6:93:Infinity":31,"s:94:20:96:Infinity":32,"s:98:6:98:Infinity":33,"s:99:6:99:Infinity":34,"b:99:32:99:40:99:40:99:86":7,"s:101:22:101:70":35,"b:101:45:101:59:101:59:101:70":8,"s:102:6:102:Infinity":36,"s:103:6:103:Infinity":37,"f:107:2:107:18":4,"s:108:4:108:Infinity":38}}}
,"C:\\Users\\Dylan\\FiveSquared\\Repos\\NewMonorepo\\worldkit-vscode\\server\\src\\astBuilder.ts": {"path":"C:\\Users\\Dylan\\FiveSquared\\Repos\\NewMonorepo\\worldkit-vscode\\server\\src\\astBuilder.ts","statementMap":{"0":{"start":{"line":21,"column":17},"end":{"line":21,"column":66}},"1":{"start":{"line":22,"column":37},"end":{"line":22,"column":39}},"2":{"start":{"line":25,"column":35},"end":{"line":33,"column":null}},"3":{"start":{"line":35,"column":33},"end":{"line":35,"column":null}},"4":{"start":{"line":37,"column":2},"end":{"line":65,"column":null}},"5":{"start":{"line":38,"column":10},"end":{"line":38,"column":40}},"6":{"start":{"line":39,"column":20},"end":{"line":39,"column":42}},"7":{"start":{"line":43,"column":24},"end":{"line":43,"column":78}},"8":{"start":{"line":44,"column":21},"end":{"line":44,"column":56}},"9":{"start":{"line":45,"column":19},"end":{"line":45,"column":43}},"10":{"start":{"line":47,"column":34},"end":{"line":55,"column":null}},"11":{"start":{"line":57,"column":4},"end":{"line":57,"column":null}},"12":{"start":{"line":59,"column":4},"end":{"line":63,"column":null}},"13":{"start":{"line":60,"column":6},"end":{"line":60,"column":null}},"14":{"start":{"line":63,"column":6},"end":{"line":63,"column":null}},"15":{"start":{"line":67,"column":2},"end":{"line":74,"column":null}},"16":{"start":{"line":69,"column":4},"end":{"line":69,"column":null}},"17":{"start":{"line":69,"column":27},"end":{"line":69,"column":null}},"18":{"start":{"line":70,"column":4},"end":{"line":72,"column":null}},"19":{"start":{"line":71,"column":6},"end":{"line":71,"column":null}},"20":{"start":{"line":72,"column":6},"end":{"line":72,"column":null}},"21":{"start":{"line":76,"column":2},"end":{"line":97,"column":null}},"22":{"start":{"line":77,"column":19},"end":{"line":77,"column":43}},"23":{"start":{"line":79,"column":25},"end":{"line":79,"column":56}},"24":{"start":{"line":80,"column":23},"end":{"line":80,"column":64}},"25":{"start":{"line":81,"column":20},"end":{"line":81,"column":60}},"26":{"start":{"line":83,"column":40},"end":{"line":93,"column":null}},"27":{"start":{"line":94,"column":4},"end":{"line":94,"column":null}},"28":{"start":{"line":95,"column":4},"end":{"line":95,"column":null}},"29":{"start":{"line":100,"column":2},"end":{"line":100,"column":null}},"30":{"start":{"line":103,"column":2},"end":{"line":103,"column":null}},"31":{"start":{"line":106,"column":2},"end":{"line":106,"column":null}},"32":{"start":{"line":109,"column":8},"end":{"line":109,"column":40}},"33":{"start":{"line":111,"column":2},"end":{"line":119,"column":null}},"34":{"start":{"line":116,"column":6},"end":{"line":116,"column":null}},"35":{"start":{"line":127,"column":20},"end":{"line":127,"column":45}},"36":{"start":{"line":128,"column":2},"end":{"line":130,"column":null}},"37":{"start":{"line":129,"column":4},"end":{"line":130,"column":null}},"38":{"start":{"line":130,"column":6},"end":{"line":130,"column":null}},"39":{"start":{"line":135,"column":21},"end":{"line":135,"column":46}},"40":{"start":{"line":137,"column":2},"end":{"line":147,"column":null}},"41":{"start":{"line":138,"column":4},"end":{"line":144,"column":null}},"42":{"start":{"line":139,"column":20},"end":{"line":139,"column":null}},"43":{"start":{"line":140,"column":20},"end":{"line":140,"column":null}},"44":{"start":{"line":141,"column":6},"end":{"line":141,"column":null}},"45":{"start":{"line":142,"column":6},"end":{"line":142,"column":null}},"46":{"start":{"line":143,"column":15},"end":{"line":144,"column":null}},"47":{"start":{"line":144,"column":6},"end":{"line":144,"column":null}},"48":{"start":{"line":147,"column":4},"end":{"line":147,"column":null}},"49":{"start":{"line":154,"column":2},"end":{"line":154,"column":null}},"50":{"start":{"line":158,"column":2},"end":{"line":158,"column":null}},"51":{"start":{"line":166,"column":13},"end":{"line":166,"column":null}},"52":{"start":{"line":167,"column":20},"end":{"line":167,"column":null}},"53":{"start":{"line":168,"column":2},"end":{"line":171,"column":null}},"54":{"start":{"line":168,"column":15},"end":{"line":168,"column":18}},"55":{"start":{"line":169,"column":4},"end":{"line":171,"column":null}},"56":{"start":{"line":170,"column":6},"end":{"line":170,"column":null}},"57":{"start":{"line":171,"column":6},"end":{"line":171,"column":null}},"58":{"start":{"line":174,"column":2},"end":{"line":174,"column":null}},"59":{"start":{"line":183,"column":2},"end":{"line":188,"column":null}},"60":{"start":{"line":183,"column":15},"end":{"line":183,"column":27}},"61":{"start":{"line":184,"column":4},"end":{"line":188,"column":null}},"62":{"start":{"line":186,"column":20},"end":{"line":186,"column":79}},"63":{"start":{"line":187,"column":6},"end":{"line":188,"column":null}},"64":{"start":{"line":188,"column":8},"end":{"line":188,"column":null}},"65":{"start":{"line":192,"column":2},"end":{"line":192,"column":null}},"66":{"start":{"line":204,"column":34},"end":{"line":204,"column":36}},"67":{"start":{"line":205,"column":18},"end":{"line":205,"column":66}},"68":{"start":{"line":207,"column":2},"end":{"line":252,"column":null}},"69":{"start":{"line":209,"column":24},"end":{"line":209,"column":73}},"70":{"start":{"line":210,"column":22},"end":{"line":210,"column":47}},"71":{"start":{"line":211,"column":4},"end":{"line":220,"column":null}},"72":{"start":{"line":213,"column":26},"end":{"line":213,"column":64}},"73":{"start":{"line":214,"column":6},"end":{"line":219,"column":null}},"74":{"start":{"line":220,"column":6},"end":{"line":220,"column":null}},"75":{"start":{"line":223,"column":22},"end":{"line":223,"column":null}},"76":{"start":{"line":224,"column":20},"end":{"line":224,"column":null}},"77":{"start":{"line":227,"column":24},"end":{"line":227,"column":80}},"78":{"start":{"line":228,"column":25},"end":{"line":228,"column":null}},"79":{"start":{"line":229,"column":23},"end":{"line":229,"column":53}},"80":{"start":{"line":232,"column":4},"end":{"line":238,"column":null}},"81":{"start":{"line":233,"column":33},"end":{"line":233,"column":null}},"82":{"start":{"line":234,"column":6},"end":{"line":234,"column":null}},"83":{"start":{"line":235,"column":6},"end":{"line":235,"column":null}},"84":{"start":{"line":237,"column":6},"end":{"line":237,"column":null}},"85":{"start":{"line":238,"column":6},"end":{"line":238,"column":null}},"86":{"start":{"line":241,"column":4},"end":{"line":252,"column":null}},"87":{"start":{"line":255,"column":2},"end":{"line":255,"column":null}},"88":{"start":{"line":259,"column":2},"end":{"line":259,"column":null}}},"fnMap":{"0":{"name":"buildAst","decl":{"start":{"line":20,"column":16},"end":{"line":20,"column":25}},"loc":{"start":{"line":20,"column":53},"end":{"line":119,"column":null}},"line":20},"1":{"name":"(anonymous_1)","decl":{"start":{"line":37,"column":12},"end":{"line":37,"column":24}},"loc":{"start":{"line":37,"column":47},"end":{"line":65,"column":null}},"line":37},"2":{"name":"(anonymous_2)","decl":{"start":{"line":67,"column":12},"end":{"line":67,"column":25}},"loc":{"start":{"line":67,"column":48},"end":{"line":74,"column":null}},"line":67},"3":{"name":"(anonymous_3)","decl":{"start":{"line":76,"column":12},"end":{"line":76,"column":22}},"loc":{"start":{"line":76,"column":37},"end":{"line":97,"column":null}},"line":76},"4":{"name":"(anonymous_4)","decl":{"start":{"line":113,"column":19},"end":{"line":113,"column":24}},"loc":{"start":{"line":113,"column":30},"end":{"line":117,"column":null}},"line":113},"5":{"name":"finalizePaths","decl":{"start":{"line":125,"column":9},"end":{"line":125,"column":23}},"loc":{"start":{"line":125,"column":52},"end":{"line":147,"column":null}},"line":125},"6":{"name":"pos","decl":{"start":{"line":153,"column":9},"end":{"line":153,"column":13}},"loc":{"start":{"line":153,"column":75},"end":{"line":154,"column":null}},"line":153},"7":{"name":"currentParserPos","decl":{"start":{"line":157,"column":9},"end":{"line":157,"column":26}},"loc":{"start":{"line":157,"column":63},"end":{"line":158,"column":null}},"line":157},"8":{"name":"offsetToPosition","decl":{"start":{"line":165,"column":9},"end":{"line":165,"column":26}},"loc":{"start":{"line":165,"column":72},"end":{"line":174,"column":null}},"line":165},"9":{"name":"findTagStartOffset","decl":{"start":{"line":182,"column":9},"end":{"line":182,"column":28}},"loc":{"start":{"line":182,"column":87},"end":{"line":192,"column":null}},"line":182},"10":{"name":"extractAttributes","decl":{"start":{"line":198,"column":9},"end":{"line":198,"column":null}},"loc":{"start":{"line":203,"column":19},"end":{"line":255,"column":null}},"line":203},"11":{"name":"escapeRegex","decl":{"start":{"line":258,"column":9},"end":{"line":258,"column":21}},"loc":{"start":{"line":258,"column":42},"end":{"line":259,"column":null}},"line":258}},"branchMap":{"0":{"loc":{"start":{"line":59,"column":4},"end":{"line":63,"column":null}},"type":"if","locations":[{"start":{"line":59,"column":4},"end":{"line":63,"column":null}},{"start":{"line":61,"column":11},"end":{"line":63,"column":null}}],"line":59},"1":{"loc":{"start":{"line":69,"column":4},"end":{"line":69,"column":null}},"type":"if","locations":[{"start":{"line":69,"column":4},"end":{"line":69,"column":null}},{"start":{},"end":{}}],"line":69},"2":{"loc":{"start":{"line":70,"column":4},"end":{"line":72,"column":null}},"type":"if","locations":[{"start":{"line":70,"column":4},"end":{"line":72,"column":null}},{"start":{},"end":{}}],"line":70},"3":{"loc":{"start":{"line":72,"column":16},"end":{"line":72,"column":null}},"type":"binary-expr","locations":[{"start":{"line":72,"column":16},"end":{"line":72,"column":34}},{"start":{"line":72,"column":34},"end":{"line":72,"column":null}}],"line":72},"4":{"loc":{"start":{"line":129,"column":4},"end":{"line":130,"column":null}},"type":"if","locations":[{"start":{"line":129,"column":4},"end":{"line":130,"column":null}},{"start":{},"end":{}}],"line":129},"5":{"loc":{"start":{"line":130,"column":36},"end":{"line":130,"column":73}},"type":"binary-expr","locations":[{"start":{"line":130,"column":36},"end":{"line":130,"column":64}},{"start":{"line":130,"column":68},"end":{"line":130,"column":73}}],"line":130},"6":{"loc":{"start":{"line":138,"column":4},"end":{"line":144,"column":null}},"type":"if","locations":[{"start":{"line":138,"column":4},"end":{"line":144,"column":null}},{"start":{"line":143,"column":15},"end":{"line":144,"column":null}}],"line":138},"7":{"loc":{"start":{"line":139,"column":20},"end":{"line":139,"column":null}},"type":"binary-expr","locations":[{"start":{"line":139,"column":20},"end":{"line":139,"column":48}},{"start":{"line":139,"column":52},"end":{"line":139,"column":null}}],"line":139},"8":{"loc":{"start":{"line":140,"column":20},"end":{"line":140,"column":null}},"type":"binary-expr","locations":[{"start":{"line":140,"column":20},"end":{"line":140,"column":49}},{"start":{"line":140,"column":53},"end":{"line":140,"column":null}}],"line":140},"9":{"loc":{"start":{"line":143,"column":15},"end":{"line":144,"column":null}},"type":"if","locations":[{"start":{"line":143,"column":15},"end":{"line":144,"column":null}},{"start":{},"end":{}}],"line":143},"10":{"loc":{"start":{"line":168,"column":18},"end":{"line":168,"column":49}},"type":"binary-expr","locations":[{"start":{"line":168,"column":18},"end":{"line":168,"column":32}},{"start":{"line":168,"column":32},"end":{"line":168,"column":49}}],"line":168},"11":{"loc":{"start":{"line":169,"column":4},"end":{"line":171,"column":null}},"type":"if","locations":[{"start":{"line":169,"column":4},"end":{"line":171,"column":null}},{"start":{},"end":{}}],"line":169},"12":{"loc":{"start":{"line":184,"column":4},"end":{"line":188,"column":null}},"type":"if","locations":[{"start":{"line":184,"column":4},"end":{"line":188,"column":null}},{"start":{},"end":{}}],"line":184},"13":{"loc":{"start":{"line":187,"column":6},"end":{"line":188,"column":null}},"type":"if","locations":[{"start":{"line":187,"column":6},"end":{"line":188,"column":null}},{"start":{},"end":{}}],"line":187},"14":{"loc":{"start":{"line":211,"column":4},"end":{"line":220,"column":null}},"type":"if","locations":[{"start":{"line":211,"column":4},"end":{"line":220,"column":null}},{"start":{},"end":{}}],"line":211},"15":{"loc":{"start":{"line":232,"column":4},"end":{"line":238,"column":null}},"type":"if","locations":[{"start":{"line":232,"column":4},"end":{"line":238,"column":null}},{"start":{"line":236,"column":11},"end":{"line":238,"column":null}}],"line":232}},"s":{"0":163,"1":163,"2":163,"3":163,"4":163,"5":650,"6":650,"7":650,"8":650,"9":650,"10":650,"11":650,"12":650,"13":327,"14":323,"15":163,"16":646,"17":323,"18":323,"19":323,"20":323,"21":163,"22":86,"23":86,"24":86,"25":86,"26":86,"27":86,"28":86,"29":163,"30":163,"31":163,"32":163,"33":163,"34":86,"35":899,"36":899,"37":736,"38":650,"39":899,"40":899,"41":736,"42":650,"43":650,"44":650,"45":650,"46":86,"47":86,"48":736,"49":5023,"50":1382,"51":3315,"52":3315,"53":3315,"54":3315,"55":1567259,"56":29509,"57":29509,"58":3315,"59":650,"60":650,"61":14097,"62":654,"63":654,"64":650,"65":0,"66":650,"67":650,"68":650,"69":627,"70":627,"71":627,"72":2,"73":2,"74":2,"75":625,"76":625,"77":625,"78":625,"79":625,"80":625,"81":625,"82":625,"83":625,"84":0,"85":0,"86":625,"87":650,"88":627},"f":{"0":163,"1":650,"2":646,"3":86,"4":86,"5":899,"6":5023,"7":1382,"8":3315,"9":650,"10":650,"11":627},"b":{"0":[327,323],"1":[323,323],"2":[323,0],"3":[323,0],"4":[650,86],"5":[650,521],"6":[650,86],"7":[650,0],"8":[650,521],"9":[86,0],"10":[3315,1567259],"11":[29509,1537750],"12":[654,13443],"13":[650,4],"14":[2,625],"15":[625,0]},"meta":{"lastBranch":16,"lastFunction":12,"lastStatement":89,"seen":{"f:20:16:20:25":0,"s:21:17:21:66":0,"s:22:37:22:39":1,"s:25:35:33:Infinity":2,"s:35:33:35:Infinity":3,"s:37:2:65:Infinity":4,"f:37:12:37:24":1,"s:38:10:38:40":5,"s:39:20:39:42":6,"s:43:24:43:78":7,"s:44:21:44:56":8,"s:45:19:45:43":9,"s:47:34:55:Infinity":10,"s:57:4:57:Infinity":11,"b:59:4:63:Infinity:61:11:63:Infinity":0,"s:59:4:63:Infinity":12,"s:60:6:60:Infinity":13,"s:63:6:63:Infinity":14,"s:67:2:74:Infinity":15,"f:67:12:67:25":2,"b:69:4:69:Infinity:undefined:undefined:undefined:undefined":1,"s:69:4:69:Infinity":16,"s:69:27:69:Infinity":17,"b:70:4:72:Infinity:undefined:undefined:undefined:undefined":2,"s:70:4:72:Infinity":18,"s:71:6:71:Infinity":19,"s:72:6:72:Infinity":20,"b:72:16:72:34:72:34:72:Infinity":3,"s:76:2:97:Infinity":21,"f:76:12:76:22":3,"s:77:19:77:43":22,"s:79:25:79:56":23,"s:80:23:80:64":24,"s:81:20:81:60":25,"s:83:40:93:Infinity":26,"s:94:4:94:Infinity":27,"s:95:4:95:Infinity":28,"s:100:2:100:Infinity":29,"s:103:2:103:Infinity":30,"s:106:2:106:Infinity":31,"s:109:8:109:40":32,"s:111:2:119:Infinity":33,"f:113:19:113:24":4,"s:116:6:116:Infinity":34,"f:125:9:125:23":5,"s:127:20:127:45":35,"s:128:2:130:Infinity":36,"b:129:4:130:Infinity:undefined:undefined:undefined:undefined":4,"s:129:4:130:Infinity":37,"s:130:6:130:Infinity":38,"b:130:36:130:64:130:68:130:73":5,"s:135:21:135:46":39,"s:137:2:147:Infinity":40,"b:138:4:144:Infinity:143:15:144:Infinity":6,"s:138:4:144:Infinity":41,"s:139:20:139:Infinity":42,"b:139:20:139:48:139:52:139:Infinity":7,"s:140:20:140:Infinity":43,"b:140:20:140:49:140:53:140:Infinity":8,"s:141:6:141:Infinity":44,"s:142:6:142:Infinity":45,"b:143:15:144:Infinity:undefined:undefined:undefined:undefined":9,"s:143:15:144:Infinity":46,"s:144:6:144:Infinity":47,"s:147:4:147:Infinity":48,"f:153:9:153:13":6,"s:154:2:154:Infinity":49,"f:157:9:157:26":7,"s:158:2:158:Infinity":50,"f:165:9:165:26":8,"s:166:13:166:Infinity":51,"s:167:20:167:Infinity":52,"s:168:2:171:Infinity":53,"s:168:15:168:18":54,"b:168:18:168:32:168:32:168:49":10,"b:169:4:171:Infinity:undefined:undefined:undefined:undefined":11,"s:169:4:171:Infinity":55,"s:170:6:170:Infinity":56,"s:171:6:171:Infinity":57,"s:174:2:174:Infinity":58,"f:182:9:182:28":9,"s:183:2:188:Infinity":59,"s:183:15:183:27":60,"b:184:4:188:Infinity:undefined:undefined:undefined:undefined":12,"s:184:4:188:Infinity":61,"s:186:20:186:79":62,"b:187:6:188:Infinity:undefined:undefined:undefined:undefined":13,"s:187:6:188:Infinity":63,"s:188:8:188:Infinity":64,"s:192:2:192:Infinity":65,"f:198:9:198:Infinity":10,"s:204:34:204:36":66,"s:205:18:205:66":67,"s:207:2:252:Infinity":68,"s:209:24:209:73":69,"s:210:22:210:47":70,"b:211:4:220:Infinity:undefined:undefined:undefined:undefined":14,"s:211:4:220:Infinity":71,"s:213:26:213:64":72,"s:214:6:219:Infinity":73,"s:220:6:220:Infinity":74,"s:223:22:223:Infinity":75,"s:224:20:224:Infinity":76,"s:227:24:227:80":77,"s:228:25:228:Infinity":78,"s:229:23:229:53":79,"b:232:4:238:Infinity:236:11:238:Infinity":15,"s:232:4:238:Infinity":80,"s:233:33:233:Infinity":81,"s:234:6:234:Infinity":82,"s:235:6:235:Infinity":83,"s:237:6:237:Infinity":84,"s:238:6:238:Infinity":85,"s:241:4:252:Infinity":86,"s:255:2:255:Infinity":87,"f:258:9:258:21":11,"s:259:2:259:Infinity":88}}}
,"C:\\Users\\Dylan\\FiveSquared\\Repos\\NewMonorepo\\worldkit-vscode\\server\\src\\completionContext.ts": {"path":"C:\\Users\\Dylan\\FiveSquared\\Repos\\NewMonorepo\\worldkit-vscode\\server\\src\\completionContext.ts","statementMap":{"0":{"start":{"line":14,"column":32},"end":{"line":14,"column":63}},"1":{"start":{"line":21,"column":2},"end":{"line":21,"column":null}},"2":{"start":{"line":21,"column":39},"end":{"line":21,"column":null}},"3":{"start":{"line":24,"column":2},"end":{"line":24,"column":null}},"4":{"start":{"line":24,"column":37},"end":{"line":24,"column":null}},"5":{"start":{"line":27,"column":19},"end":{"line":27,"column":54}},"6":{"start":{"line":28,"column":2},"end":{"line":28,"column":null}},"7":{"start":{"line":28,"column":23},"end":{"line":28,"column":null}},"8":{"start":{"line":31,"column":21},"end":{"line":31,"column":53}},"9":{"start":{"line":34,"column":2},"end":{"line":34,"column":null}},"10":{"start":{"line":34,"column":34},"end":{"line":34,"column":null}},"11":{"start":{"line":37,"column":2},"end":{"line":37,"column":null}},"12":{"start":{"line":44,"column":10},"end":{"line":44,"column":null}},"13":{"start":{"line":45,"column":2},"end":{"line":53,"column":null}},"14":{"start":{"line":46,"column":25},"end":{"line":46,"column":48}},"15":{"start":{"line":47,"column":4},"end":{"line":47,"column":null}},"16":{"start":{"line":47,"column":55},"end":{"line":47,"column":null}},"17":{"start":{"line":48,"column":23},"end":{"line":48,"column":60}},"18":{"start":{"line":49,"column":4},"end":{"line":51,"column":null}},"19":{"start":{"line":51,"column":6},"end":{"line":51,"column":null}},"20":{"start":{"line":53,"column":4},"end":{"line":53,"column":null}},"21":{"start":{"line":55,"column":2},"end":{"line":55,"column":null}},"22":{"start":{"line":66,"column":16},"end":{"line":66,"column":50}},"23":{"start":{"line":67,"column":2},"end":{"line":74,"column":null}},"24":{"start":{"line":67,"column":15},"end":{"line":67,"column":27}},"25":{"start":{"line":68,"column":4},"end":{"line":70,"column":null}},"26":{"start":{"line":69,"column":6},"end":{"line":69,"column":null}},"27":{"start":{"line":70,"column":6},"end":{"line":70,"column":null}},"28":{"start":{"line":72,"column":4},"end":{"line":72,"column":null}},"29":{"start":{"line":72,"column":17},"end":{"line":72,"column":null}},"30":{"start":{"line":73,"column":4},"end":{"line":73,"column":null}},"31":{"start":{"line":73,"column":25},"end":{"line":73,"column":null}},"32":{"start":{"line":74,"column":4},"end":{"line":74,"column":null}},"33":{"start":{"line":74,"column":25},"end":{"line":74,"column":null}},"34":{"start":{"line":76,"column":2},"end":{"line":76,"column":null}},"35":{"start":{"line":86,"column":2},"end":{"line":88,"column":null}},"36":{"start":{"line":86,"column":15},"end":{"line":86,"column":23}},"37":{"start":{"line":87,"column":4},"end":{"line":87,"column":null}},"38":{"start":{"line":87,"column":25},"end":{"line":87,"column":null}},"39":{"start":{"line":88,"column":4},"end":{"line":88,"column":null}},"40":{"start":{"line":88,"column":44},"end":{"line":88,"column":null}},"41":{"start":{"line":91,"column":19},"end":{"line":91,"column":null}},"42":{"start":{"line":92,"column":2},"end":{"line":94,"column":null}},"43":{"start":{"line":92,"column":15},"end":{"line":92,"column":27}},"44":{"start":{"line":93,"column":4},"end":{"line":93,"column":null}},"45":{"start":{"line":93,"column":25},"end":{"line":93,"column":null}},"46":{"start":{"line":94,"column":4},"end":{"line":94,"column":null}},"47":{"start":{"line":94,"column":25},"end":{"line":94,"column":null}},"48":{"start":{"line":96,"column":2},"end":{"line":96,"column":null}},"49":{"start":{"line":105,"column":23},"end":{"line":105,"column":63}},"50":{"start":{"line":106,"column":18},"end":{"line":106,"column":null}},"51":{"start":{"line":107,"column":23},"end":{"line":107,"column":55}},"52":{"start":{"line":110,"column":2},"end":{"line":117,"column":null}},"53":{"start":{"line":112,"column":22},"end":{"line":112,"column":59}},"54":{"start":{"line":113,"column":4},"end":{"line":117,"column":null}},"55":{"start":{"line":122,"column":23},"end":{"line":122,"column":62}},"56":{"start":{"line":123,"column":2},"end":{"line":129,"column":null}},"57":{"start":{"line":124,"column":4},"end":{"line":129,"column":null}},"58":{"start":{"line":133,"column":22},"end":{"line":133,"column":63}},"59":{"start":{"line":134,"column":2},"end":{"line":138,"column":null}},"60":{"start":{"line":146,"column":10},"end":{"line":146,"column":null}},"61":{"start":{"line":147,"column":14},"end":{"line":147,"column":null}},"62":{"start":{"line":149,"column":2},"end":{"line":188,"column":null}},"63":{"start":{"line":151,"column":4},"end":{"line":151,"column":null}},"64":{"start":{"line":151,"column":50},"end":{"line":151,"column":null}},"65":{"start":{"line":152,"column":4},"end":{"line":152,"column":null}},"66":{"start":{"line":152,"column":18},"end":{"line":152,"column":null}},"67":{"start":{"line":155,"column":22},"end":{"line":155,"column":null}},"68":{"start":{"line":156,"column":4},"end":{"line":156,"column":null}},"69":{"start":{"line":156,"column":54},"end":{"line":156,"column":null}},"70":{"start":{"line":157,"column":4},"end":{"line":157,"column":null}},"71":{"start":{"line":157,"column":25},"end":{"line":157,"column":null}},"72":{"start":{"line":159,"column":21},"end":{"line":159,"column":53}},"73":{"start":{"line":162,"column":4},"end":{"line":162,"column":null}},"74":{"start":{"line":162,"column":50},"end":{"line":162,"column":null}},"75":{"start":{"line":165,"column":4},"end":{"line":168,"column":null}},"76":{"start":{"line":168,"column":6},"end":{"line":168,"column":null}},"77":{"start":{"line":170,"column":4},"end":{"line":170,"column":null}},"78":{"start":{"line":173,"column":4},"end":{"line":173,"column":null}},"79":{"start":{"line":173,"column":50},"end":{"line":173,"column":null}},"80":{"start":{"line":176,"column":4},"end":{"line":176,"column":null}},"81":{"start":{"line":176,"column":45},"end":{"line":176,"column":null}},"82":{"start":{"line":177,"column":4},"end":{"line":177,"column":null}},"83":{"start":{"line":180,"column":23},"end":{"line":180,"column":null}},"84":{"start":{"line":181,"column":4},"end":{"line":181,"column":null}},"85":{"start":{"line":181,"column":47},"end":{"line":181,"column":null}},"86":{"start":{"line":183,"column":4},"end":{"line":185,"column":null}},"87":{"start":{"line":185,"column":6},"end":{"line":185,"column":null}},"88":{"start":{"line":188,"column":4},"end":{"line":188,"column":null}},"89":{"start":{"line":192,"column":2},"end":{"line":192,"column":null}},"90":{"start":{"line":200,"column":18},"end":{"line":202,"column":27}},"91":{"start":{"line":204,"column":16},"end":{"line":204,"column":55}},"92":{"start":{"line":205,"column":2},"end":{"line":205,"column":null}},"93":{"start":{"line":214,"column":29},"end":{"line":214,"column":31}},"94":{"start":{"line":215,"column":16},"end":{"line":215,"column":43}},"95":{"start":{"line":218,"column":10},"end":{"line":218,"column":null}},"96":{"start":{"line":219,"column":2},"end":{"line":256,"column":null}},"97":{"start":{"line":220,"column":4},"end":{"line":220,"column":null}},"98":{"start":{"line":220,"column":28},"end":{"line":220,"column":33}},"99":{"start":{"line":220,"column":33},"end":{"line":220,"column":null}},"100":{"start":{"line":222,"column":4},"end":{"line":222,"column":null}},"101":{"start":{"line":223,"column":4},"end":{"line":223,"column":null}},"102":{"start":{"line":223,"column":27},"end":{"line":223,"column":null}},"103":{"start":{"line":225,"column":22},"end":{"line":225,"column":null}},"104":{"start":{"line":226,"column":4},"end":{"line":226,"column":null}},"105":{"start":{"line":226,"column":19},"end":{"line":226,"column":null}},"106":{"start":{"line":229,"column":22},"end":{"line":229,"column":null}},"107":{"start":{"line":230,"column":4},"end":{"line":230,"column":null}},"108":{"start":{"line":230,"column":56},"end":{"line":230,"column":null}},"109":{"start":{"line":231,"column":20},"end":{"line":231,"column":45}},"110":{"start":{"line":232,"column":4},"end":{"line":232,"column":null}},"111":{"start":{"line":232,"column":20},"end":{"line":232,"column":null}},"112":{"start":{"line":235,"column":18},"end":{"line":235,"column":null}},"113":{"start":{"line":236,"column":22},"end":{"line":236,"column":null}},"114":{"start":{"line":237,"column":4},"end":{"line":246,"column":null}},"115":{"start":{"line":238,"column":6},"end":{"line":238,"column":null}},"116":{"start":{"line":238,"column":30},"end":{"line":238,"column":50}},"117":{"start":{"line":238,"column":50},"end":{"line":238,"column":55}},"118":{"start":{"line":238,"column":55},"end":{"line":238,"column":null}},"119":{"start":{"line":239,"column":6},"end":{"line":239,"column":null}},"120":{"start":{"line":239,"column":21},"end":{"line":239,"column":26}},"121":{"start":{"line":239,"column":26},"end":{"line":239,"column":null}},"122":{"start":{"line":240,"column":6},"end":{"line":243,"column":null}},"123":{"start":{"line":241,"column":8},"end":{"line":241,"column":null}},"124":{"start":{"line":242,"column":8},"end":{"line":242,"column":null}},"125":{"start":{"line":243,"column":8},"end":{"line":243,"column":null}},"126":{"start":{"line":245,"column":6},"end":{"line":245,"column":null}},"127":{"start":{"line":245,"column":30},"end":{"line":245,"column":35}},"128":{"start":{"line":245,"column":35},"end":{"line":245,"column":null}},"129":{"start":{"line":246,"column":6},"end":{"line":246,"column":null}},"130":{"start":{"line":250,"column":4},"end":{"line":250,"column":null}},"131":{"start":{"line":250,"column":52},"end":{"line":250,"column":null}},"132":{"start":{"line":252,"column":4},"end":{"line":256,"column":null}},"133":{"start":{"line":253,"column":18},"end":{"line":253,"column":47}},"134":{"start":{"line":254,"column":6},"end":{"line":254,"column":null}},"135":{"start":{"line":254,"column":22},"end":{"line":254,"column":null}},"136":{"start":{"line":255,"column":15},"end":{"line":256,"column":null}},"137":{"start":{"line":256,"column":6},"end":{"line":256,"column":null}},"138":{"start":{"line":260,"column":2},"end":{"line":260,"column":null}}},"fnMap":{"0":{"name":"getCompletionContext","decl":{"start":{"line":20,"column":16},"end":{"line":20,"column":37}},"loc":{"start":{"line":20,"column":86},"end":{"line":37,"column":null}},"line":20},"1":{"name":"isInsideComment","decl":{"start":{"line":43,"column":9},"end":{"line":43,"column":25}},"loc":{"start":{"line":43,"column":64},"end":{"line":55,"column":null}},"line":43},"2":{"name":"findUnclosedOpenAngle","decl":{"start":{"line":63,"column":9},"end":{"line":63,"column":31}},"loc":{"start":{"line":63,"column":69},"end":{"line":76,"column":null}},"line":63},"3":{"name":"isCursorInsideQuotes","decl":{"start":{"line":84,"column":9},"end":{"line":84,"column":30}},"loc":{"start":{"line":84,"column":69},"end":{"line":96,"column":null}},"line":84},"4":{"name":"parseTagContent","decl":{"start":{"line":103,"column":9},"end":{"line":103,"column":25}},"loc":{"start":{"line":103,"column":100},"end":{"line":138,"column":null}},"line":103},"5":{"name":"findAttributeValueContext","decl":{"start":{"line":145,"column":9},"end":{"line":145,"column":35}},"loc":{"start":{"line":145,"column":108},"end":{"line":192,"column":null}},"line":145},"6":{"name":"extractPartialAttributeName","decl":{"start":{"line":198,"column":9},"end":{"line":198,"column":37}},"loc":{"start":{"line":198,"column":67},"end":{"line":205,"column":null}},"line":198},"7":{"name":"findParentTagName","decl":{"start":{"line":213,"column":9},"end":{"line":213,"column":27}},"loc":{"start":{"line":213,"column":83},"end":{"line":260,"column":null}},"line":213}},"branchMap":{"0":{"loc":{"start":{"line":21,"column":2},"end":{"line":21,"column":null}},"type":"if","locations":[{"start":{"line":21,"column":2},"end":{"line":21,"column":null}},{"start":{},"end":{}}],"line":21},"1":{"loc":{"start":{"line":21,"column":6},"end":{"line":21,"column":39}},"type":"binary-expr","locations":[{"start":{"line":21,"column":6},"end":{"line":21,"column":27}},{"start":{"line":21,"column":27},"end":{"line":21,"column":39}}],"line":21},"2":{"loc":{"start":{"line":24,"column":2},"end":{"line":24,"column":null}},"type":"if","locations":[{"start":{"line":24,"column":2},"end":{"line":24,"column":null}},{"start":{},"end":{}}],"line":24},"3":{"loc":{"start":{"line":28,"column":2},"end":{"line":28,"column":null}},"type":"if","locations":[{"start":{"line":28,"column":2},"end":{"line":28,"column":null}},{"start":{},"end":{}}],"line":28},"4":{"loc":{"start":{"line":34,"column":2},"end":{"line":34,"column":null}},"type":"if","locations":[{"start":{"line":34,"column":2},"end":{"line":34,"column":null}},{"start":{},"end":{}}],"line":34},"5":{"loc":{"start":{"line":47,"column":4},"end":{"line":47,"column":null}},"type":"if","locations":[{"start":{"line":47,"column":4},"end":{"line":47,"column":null}},{"start":{},"end":{}}],"line":47},"6":{"loc":{"start":{"line":47,"column":8},"end":{"line":47,"column":55}},"type":"binary-expr","locations":[{"start":{"line":47,"column":8},"end":{"line":47,"column":31}},{"start":{"line":47,"column":31},"end":{"line":47,"column":55}}],"line":47},"7":{"loc":{"start":{"line":49,"column":4},"end":{"line":51,"column":null}},"type":"if","locations":[{"start":{"line":49,"column":4},"end":{"line":51,"column":null}},{"start":{},"end":{}}],"line":49},"8":{"loc":{"start":{"line":49,"column":8},"end":{"line":49,"column":54}},"type":"binary-expr","locations":[{"start":{"line":49,"column":8},"end":{"line":49,"column":29}},{"start":{"line":49,"column":29},"end":{"line":49,"column":54}}],"line":49},"9":{"loc":{"start":{"line":68,"column":4},"end":{"line":70,"column":null}},"type":"if","locations":[{"start":{"line":68,"column":4},"end":{"line":70,"column":null}},{"start":{},"end":{}}],"line":68},"10":{"loc":{"start":{"line":72,"column":4},"end":{"line":72,"column":null}},"type":"if","locations":[{"start":{"line":72,"column":4},"end":{"line":72,"column":null}},{"start":{},"end":{}}],"line":72},"11":{"loc":{"start":{"line":73,"column":4},"end":{"line":73,"column":null}},"type":"if","locations":[{"start":{"line":73,"column":4},"end":{"line":73,"column":null}},{"start":{},"end":{}}],"line":73},"12":{"loc":{"start":{"line":74,"column":4},"end":{"line":74,"column":null}},"type":"if","locations":[{"start":{"line":74,"column":4},"end":{"line":74,"column":null}},{"start":{},"end":{}}],"line":74},"13":{"loc":{"start":{"line":87,"column":4},"end":{"line":87,"column":null}},"type":"if","locations":[{"start":{"line":87,"column":4},"end":{"line":87,"column":null}},{"start":{},"end":{}}],"line":87},"14":{"loc":{"start":{"line":88,"column":4},"end":{"line":88,"column":null}},"type":"if","locations":[{"start":{"line":88,"column":4},"end":{"line":88,"column":null}},{"start":{},"end":{}}],"line":88},"15":{"loc":{"start":{"line":88,"column":8},"end":{"line":88,"column":44}},"type":"binary-expr","locations":[{"start":{"line":88,"column":8},"end":{"line":88,"column":27}},{"start":{"line":88,"column":27},"end":{"line":88,"column":44}}],"line":88},"16":{"loc":{"start":{"line":93,"column":4},"end":{"line":93,"column":null}},"type":"if","locations":[{"start":{"line":93,"column":4},"end":{"line":93,"column":null}},{"start":{},"end":{}}],"line":93},"17":{"loc":{"start":{"line":94,"column":4},"end":{"line":94,"column":null}},"type":"if","locations":[{"start":{"line":94,"column":4},"end":{"line":94,"column":null}},{"start":{},"end":{}}],"line":94},"18":{"loc":{"start":{"line":106,"column":18},"end":{"line":106,"column":null}},"type":"binary-expr","locations":[{"start":{"line":106,"column":18},"end":{"line":106,"column":39}},{"start":{"line":106,"column":39},"end":{"line":106,"column":null}}],"line":106},"19":{"loc":{"start":{"line":110,"column":2},"end":{"line":117,"column":null}},"type":"if","locations":[{"start":{"line":110,"column":2},"end":{"line":117,"column":null}},{"start":{},"end":{}}],"line":110},"20":{"loc":{"start":{"line":110,"column":6},"end":{"line":110,"column":61}},"type":"binary-expr","locations":[{"start":{"line":110,"column":6},"end":{"line":110,"column":35}},{"start":{"line":110,"column":35},"end":{"line":110,"column":61}}],"line":110},"21":{"loc":{"start":{"line":116,"column":19},"end":{"line":116,"column":null}},"type":"binary-expr","locations":[{"start":{"line":116,"column":19},"end":{"line":116,"column":30}},{"start":{"line":116,"column":30},"end":{"line":116,"column":null}}],"line":116},"22":{"loc":{"start":{"line":123,"column":2},"end":{"line":129,"column":null}},"type":"if","locations":[{"start":{"line":123,"column":2},"end":{"line":129,"column":null}},{"start":{},"end":{}}],"line":123},"23":{"loc":{"start":{"line":128,"column":19},"end":{"line":128,"column":null}},"type":"binary-expr","locations":[{"start":{"line":128,"column":19},"end":{"line":128,"column":48}},{"start":{"line":128,"column":48},"end":{"line":128,"column":null}}],"line":128},"24":{"loc":{"start":{"line":137,"column":17},"end":{"line":137,"column":null}},"type":"binary-expr","locations":[{"start":{"line":137,"column":17},"end":{"line":137,"column":32}},{"start":{"line":137,"column":32},"end":{"line":137,"column":null}}],"line":137},"25":{"loc":{"start":{"line":151,"column":11},"end":{"line":151,"column":48}},"type":"binary-expr","locations":[{"start":{"line":151,"column":11},"end":{"line":151,"column":22}},{"start":{"line":151,"column":22},"end":{"line":151,"column":48}}],"line":151},"26":{"loc":{"start":{"line":152,"column":4},"end":{"line":152,"column":null}},"type":"if","locations":[{"start":{"line":152,"column":4},"end":{"line":152,"column":null}},{"start":{},"end":{}}],"line":152},"27":{"loc":{"start":{"line":156,"column":11},"end":{"line":156,"column":52}},"type":"binary-expr","locations":[{"start":{"line":156,"column":11},"end":{"line":156,"column":22}},{"start":{"line":156,"column":22},"end":{"line":156,"column":52}}],"line":156},"28":{"loc":{"start":{"line":157,"column":4},"end":{"line":157,"column":null}},"type":"if","locations":[{"start":{"line":157,"column":4},"end":{"line":157,"column":null}},{"start":{},"end":{}}],"line":157},"29":{"loc":{"start":{"line":162,"column":11},"end":{"line":162,"column":48}},"type":"binary-expr","locations":[{"start":{"line":162,"column":11},"end":{"line":162,"column":22}},{"start":{"line":162,"column":22},"end":{"line":162,"column":48}}],"line":162},"30":{"loc":{"start":{"line":165,"column":4},"end":{"line":168,"column":null}},"type":"if","locations":[{"start":{"line":165,"column":4},"end":{"line":168,"column":null}},{"start":{},"end":{}}],"line":165},"31":{"loc":{"start":{"line":165,"column":8},"end":{"line":165,"column":45}},"type":"binary-expr","locations":[{"start":{"line":165,"column":8},"end":{"line":165,"column":20}},{"start":{"line":165,"column":20},"end":{"line":165,"column":45}}],"line":165},"32":{"loc":{"start":{"line":173,"column":11},"end":{"line":173,"column":48}},"type":"binary-expr","locations":[{"start":{"line":173,"column":11},"end":{"line":173,"column":22}},{"start":{"line":173,"column":22},"end":{"line":173,"column":48}}],"line":173},"33":{"loc":{"start":{"line":176,"column":4},"end":{"line":176,"column":null}},"type":"if","locations":[{"start":{"line":176,"column":4},"end":{"line":176,"column":null}},{"start":{},"end":{}}],"line":176},"34":{"loc":{"start":{"line":176,"column":8},"end":{"line":176,"column":45}},"type":"binary-expr","locations":[{"start":{"line":176,"column":8},"end":{"line":176,"column":20}},{"start":{"line":176,"column":20},"end":{"line":176,"column":45}}],"line":176},"35":{"loc":{"start":{"line":181,"column":11},"end":{"line":181,"column":47}},"type":"binary-expr","locations":[{"start":{"line":181,"column":11},"end":{"line":181,"column":22}},{"start":{"line":181,"column":22},"end":{"line":181,"column":47}}],"line":181},"36":{"loc":{"start":{"line":183,"column":4},"end":{"line":185,"column":null}},"type":"if","locations":[{"start":{"line":183,"column":4},"end":{"line":185,"column":null}},{"start":{},"end":{}}],"line":183},"37":{"loc":{"start":{"line":205,"column":9},"end":{"line":205,"column":null}},"type":"binary-expr","locations":[{"start":{"line":205,"column":9},"end":{"line":205,"column":23}},{"start":{"line":205,"column":23},"end":{"line":205,"column":null}}],"line":205},"38":{"loc":{"start":{"line":220,"column":4},"end":{"line":220,"column":null}},"type":"if","locations":[{"start":{"line":220,"column":4},"end":{"line":220,"column":null}},{"start":{},"end":{}}],"line":220},"39":{"loc":{"start":{"line":223,"column":4},"end":{"line":223,"column":null}},"type":"if","locations":[{"start":{"line":223,"column":4},"end":{"line":223,"column":null}},{"start":{},"end":{}}],"line":223},"40":{"loc":{"start":{"line":226,"column":4},"end":{"line":226,"column":null}},"type":"if","locations":[{"start":{"line":226,"column":4},"end":{"line":226,"column":null}},{"start":{},"end":{}}],"line":226},"41":{"loc":{"start":{"line":230,"column":11},"end":{"line":230,"column":54}},"type":"binary-expr","locations":[{"start":{"line":230,"column":11},"end":{"line":230,"column":31}},{"start":{"line":230,"column":31},"end":{"line":230,"column":54}}],"line":230},"42":{"loc":{"start":{"line":232,"column":4},"end":{"line":232,"column":null}},"type":"if","locations":[{"start":{"line":232,"column":4},"end":{"line":232,"column":null}},{"start":{},"end":{}}],"line":232},"43":{"loc":{"start":{"line":238,"column":6},"end":{"line":238,"column":null}},"type":"if","locations":[{"start":{"line":238,"column":6},"end":{"line":238,"column":null}},{"start":{},"end":{}}],"line":238},"44":{"loc":{"start":{"line":239,"column":6},"end":{"line":239,"column":null}},"type":"if","locations":[{"start":{"line":239,"column":6},"end":{"line":239,"column":null}},{"start":{},"end":{}}],"line":239},"45":{"loc":{"start":{"line":240,"column":6},"end":{"line":243,"column":null}},"type":"if","locations":[{"start":{"line":240,"column":6},"end":{"line":243,"column":null}},{"start":{},"end":{}}],"line":240},"46":{"loc":{"start":{"line":240,"column":10},"end":{"line":240,"column":76}},"type":"binary-expr","locations":[{"start":{"line":240,"column":10},"end":{"line":240,"column":30}},{"start":{"line":240,"column":30},"end":{"line":240,"column":54}},{"start":{"line":240,"column":54},"end":{"line":240,"column":76}}],"line":240},"47":{"loc":{"start":{"line":245,"column":6},"end":{"line":245,"column":null}},"type":"if","locations":[{"start":{"line":245,"column":6},"end":{"line":245,"column":null}},{"start":{},"end":{}}],"line":245},"48":{"loc":{"start":{"line":250,"column":4},"end":{"line":250,"column":null}},"type":"if","locations":[{"start":{"line":250,"column":4},"end":{"line":250,"column":null}},{"start":{},"end":{}}],"line":250},"49":{"loc":{"start":{"line":250,"column":8},"end":{"line":250,"column":52}},"type":"binary-expr","locations":[{"start":{"line":250,"column":8},"end":{"line":250,"column":30}},{"start":{"line":250,"column":30},"end":{"line":250,"column":52}}],"line":250},"50":{"loc":{"start":{"line":252,"column":4},"end":{"line":256,"column":null}},"type":"if","locations":[{"start":{"line":252,"column":4},"end":{"line":256,"column":null}},{"start":{"line":255,"column":15},"end":{"line":256,"column":null}}],"line":252},"51":{"loc":{"start":{"line":254,"column":6},"end":{"line":254,"column":null}},"type":"if","locations":[{"start":{"line":254,"column":6},"end":{"line":254,"column":null}},{"start":{},"end":{}}],"line":254},"52":{"loc":{"start":{"line":255,"column":15},"end":{"line":256,"column":null}},"type":"if","locations":[{"start":{"line":255,"column":15},"end":{"line":256,"column":null}},{"start":{},"end":{}}],"line":255},"53":{"loc":{"start":{"line":260,"column":9},"end":{"line":260,"column":null}},"type":"cond-expr","locations":[{"start":{"line":260,"column":31},"end":{"line":260,"column":63}},{"start":{"line":260,"column":63},"end":{"line":260,"column":null}}],"line":260}},"s":{"0":1,"1":22,"2":1,"3":21,"4":1,"5":20,"6":20,"7":1,"8":19,"9":19,"10":1,"11":18,"12":21,"13":21,"14":21,"15":21,"16":20,"17":1,"18":1,"19":1,"20":0,"21":20,"22":20,"23":20,"24":20,"25":205,"26":14,"27":14,"28":191,"29":28,"30":163,"31":1,"32":162,"33":19,"34":0,"35":20,"36":20,"37":21,"38":3,"39":18,"40":15,"41":2,"42":2,"43":2,"44":15,"45":2,"46":13,"47":1,"48":2,"49":18,"50":18,"51":18,"52":18,"53":7,"54":7,"55":11,"56":11,"57":4,"58":7,"59":7,"60":11,"61":11,"62":11,"63":16,"64":20,"65":16,"66":6,"67":10,"68":10,"69":33,"70":10,"71":0,"72":10,"73":10,"74":0,"75":10,"76":1,"77":9,"78":9,"79":0,"80":9,"81":0,"82":9,"83":9,"84":9,"85":28,"86":9,"87":4,"88":5,"89":7,"90":7,"91":7,"92":7,"93":7,"94":7,"95":7,"96":7,"97":12,"98":0,"99":0,"100":12,"101":12,"102":0,"103":12,"104":12,"105":0,"106":12,"107":12,"108":72,"109":12,"110":12,"111":0,"112":12,"113":12,"114":12,"115":41,"116":6,"117":6,"118":6,"119":35,"120":10,"121":10,"122":25,"123":0,"124":0,"125":0,"126":25,"127":12,"128":12,"129":13,"130":12,"131":0,"132":12,"133":0,"134":0,"135":0,"136":12,"137":12,"138":7},"f":{"0":22,"1":21,"2":20,"3":20,"4":18,"5":11,"6":7,"7":7},"b":{"0":[1,21],"1":[22,21],"2":[1,20],"3":[1,19],"4":[1,18],"5":[20,1],"6":[21,1],"7":[1,0],"8":[1,1],"9":[14,191],"10":[28,163],"11":[1,162],"12":[19,143],"13":[3,18],"14":[15,3],"15":[18,11],"16":[2,13],"17":[1,12],"18":[18,6],"19":[7,11],"20":[18,11],"21":[7,6],"22":[4,7],"23":[4,3],"24":[7,6],"25":[16,30],"26":[6,10],"27":[10,42],"28":[0,10],"29":[10,9],"30":[1,9],"31":[10,9],"32":[9,9],"33":[0,9],"34":[9,9],"35":[9,33],"36":[4,5],"37":[7,6],"38":[0,12],"39":[0,12],"40":[0,12],"41":[12,84],"42":[0,12],"43":[6,35],"44":[10,25],"45":[0,25],"46":[25,0,0],"47":[12,13],"48":[0,12],"49":[12,6],"50":[0,12],"51":[0,0],"52":[12,0],"53":[6,1]},"meta":{"lastBranch":54,"lastFunction":8,"lastStatement":139,"seen":{"s:14:32:14:63":0,"f:20:16:20:37":0,"b:21:2:21:Infinity:undefined:undefined:undefined:undefined":0,"s:21:2:21:Infinity":1,"b:21:6:21:27:21:27:21:39":1,"s:21:39:21:Infinity":2,"b:24:2:24:Infinity:undefined:undefined:undefined:undefined":2,"s:24:2:24:Infinity":3,"s:24:37:24:Infinity":4,"s:27:19:27:54":5,"b:28:2:28:Infinity:undefined:undefined:undefined:undefined":3,"s:28:2:28:Infinity":6,"s:28:23:28:Infinity":7,"s:31:21:31:53":8,"b:34:2:34:Infinity:undefined:undefined:undefined:undefined":4,"s:34:2:34:Infinity":9,"s:34:34:34:Infinity":10,"s:37:2:37:Infinity":11,"f:43:9:43:25":1,"s:44:10:44:Infinity":12,"s:45:2:53:Infinity":13,"s:46:25:46:48":14,"b:47:4:47:Infinity:undefined:undefined:undefined:undefined":5,"s:47:4:47:Infinity":15,"b:47:8:47:31:47:31:47:55":6,"s:47:55:47:Infinity":16,"s:48:23:48:60":17,"b:49:4:51:Infinity:undefined:undefined:undefined:undefined":7,"s:49:4:51:Infinity":18,"b:49:8:49:29:49:29:49:54":8,"s:51:6:51:Infinity":19,"s:53:4:53:Infinity":20,"s:55:2:55:Infinity":21,"f:63:9:63:31":2,"s:66:16:66:50":22,"s:67:2:74:Infinity":23,"s:67:15:67:27":24,"b:68:4:70:Infinity:undefined:undefined:undefined:undefined":9,"s:68:4:70:Infinity":25,"s:69:6:69:Infinity":26,"s:70:6:70:Infinity":27,"b:72:4:72:Infinity:undefined:undefined:undefined:undefined":10,"s:72:4:72:Infi
[...]
,"C:\\Users\\Dylan\\FiveSquared\\Repos\\NewMonorepo\\worldkit-vscode\\shared\\src\\diagnosticCodes.ts": {"path":"C:\\Users\\Dylan\\FiveSquared\\Repos\\NewMonorepo\\worldkit-vscode\\shared\\src\\diagnosticCodes.ts","statementMap":{"0":{"start":{"line":23,"column":38},"end":{"line":60,"column":null}},"1":{"start":{"line":64,"column":43},"end":{"line":83,"column":null}},"2":{"start":{"line":87,"column":39},"end":{"line":112,"column":null}},"3":{"start":{"line":116,"column":63},"end":{"line":120,"column":null}},"4":{"start":{"line":122,"column":16},"end":{"line":123,"column":null}},"5":{"start":{"line":123,"column":35},"end":{"line":123,"column":48}},"6":{"start":{"line":131,"column":2},"end":{"line":131,"column":null}}},"fnMap":{"0":{"name":"(anonymous_0)","decl":{"start":{"line":123,"column":23},"end":{"line":123,"column":28}},"loc":{"start":{"line":123,"column":35},"end":{"line":123,"column":48}},"line":123},"1":{"name":"getDiagnosticCode","decl":{"start":{"line":130,"column":16},"end":{"line":130,"column":34}},"loc":{"start":{"line":130,"column":76},"end":{"line":131,"column":null}},"line":130}},"branchMap":{},"s":{"0":11,"1":11,"2":11,"3":11,"4":11,"5":143,"6":59},"f":{"0":143,"1":59},"b":{},"meta":{"lastBranch":0,"lastFunction":2,"lastStatement":7,"seen":{"s:23:38:60:Infinity":0,"s:64:43:83:Infinity":1,"s:87:39:112:Infinity":2,"s:116:63:120:Infinity":3,"s:122:16:123:Infinity":4,"f:123:23:123:28":0,"s:123:35:123:48":5,"f:130:16:130:34":1,"s:131:2:131:Infinity":6}}}
,"C:\\Users\\Dylan\\FiveSquared\\Repos\\NewMonorepo\\worldkit-vscode\\shared\\src\\diagnostics.ts": {"path":"C:\\Users\\Dylan\\FiveSquared\\Repos\\NewMonorepo\\worldkit-vscode\\shared\\src\\diagnostics.ts","statementMap":{"0":{"start":{"line":23,"column":2},"end":{"line":23,"column":null}},"1":{"start":{"line":23,"column":56},"end":{"line":23,"column":75}},"2":{"start":{"line":35,"column":8},"end":{"line":35,"column":38}},"3":{"start":{"line":36,"column":2},"end":{"line":37,"column":null}},"4":{"start":{"line":37,"column":4},"end":{"line":37,"column":null}},"5":{"start":{"line":40,"column":2},"end":{"line":49,"column":null}},"6":{"start":{"line":52,"column":57},"end":{"line":57,"column":null}},"7":{"start":{"line":64,"column":18},"end":{"line":66,"column":null}},"8":{"start":{"line":68,"column":2},"end":{"line":77,"column":null}}},"fnMap":{"0":{"name":"resolveTemplate","decl":{"start":{"line":22,"column":9},"end":{"line":22,"column":25}},"loc":{"start":{"line":22,"column":81},"end":{"line":23,"column":null}},"line":22},"1":{"name":"(anonymous_1)","decl":{"start":{"line":23,"column":26},"end":{"line":23,"column":41}},"loc":{"start":{"line":23,"column":56},"end":{"line":23,"column":75}},"line":23},"2":{"name":"createDiagnostic","decl":{"start":{"line":30,"column":16},"end":{"line":30,"column":null}},"loc":{"start":{"line":34,"column":18},"end":{"line":49,"column":null}},"line":34},"3":{"name":"toLspDiagnostic","decl":{"start":{"line":63,"column":16},"end":{"line":63,"column":32}},"loc":{"start":{"line":63,"column":66},"end":{"line":77,"column":null}},"line":63}},"branchMap":{"0":{"loc":{"start":{"line":23,"column":56},"end":{"line":23,"column":75}},"type":"binary-expr","locations":[{"start":{"line":23,"column":56},"end":{"line":23,"column":69}},{"start":{"line":23,"column":69},"end":{"line":23,"column":75}}],"line":23},"1":{"loc":{"start":{"line":36,"column":2},"end":{"line":37,"column":null}},"type":"if","locations":[{"start":{"line":36,"column":2},"end":{"line":37,"column":null}},{"start":{},"end":{}}],"line":36},"2":{"loc":{"start":{"line":45,"column":16},"end":{"line":47,"column":null}},"type":"cond-expr","locations":[{"start":{"line":46,"column":8},"end":{"line":46,"column":60}},{"start":{"line":47,"column":8},"end":{"line":47,"column":null}}],"line":45},"3":{"loc":{"start":{"line":64,"column":18},"end":{"line":66,"column":null}},"type":"cond-expr","locations":[{"start":{"line":65,"column":6},"end":{"line":65,"column":null}},{"start":{"line":66,"column":6},"end":{"line":66,"column":null}}],"line":64}},"s":{"0":91,"1":91,"2":55,"3":55,"4":1,"5":54,"6":10,"7":5,"8":5},"f":{"0":91,"1":91,"2":55,"3":5},"b":{"0":[91,2],"1":[1,54],"2":[37,17],"3":[5,0]},"meta":{"lastBranch":4,"lastFunction":4,"lastStatement":9,"seen":{"f:22:9:22:25":0,"s:23:2:23:Infinity":0,"f:23:26:23:41":1,"s:23:56:23:75":1,"b:23:56:23:69:23:69:23:75":0,"f:30:16:30:Infinity":2,"s:35:8:35:38":2,"b:36:2:37:Infinity:undefined:undefined:undefined:undefined":1,"s:36:2:37:Infinity":3,"s:37:4:37:Infinity":4,"s:40:2:49:Infinity":5,"b:46:8:46:60:47:8:47:Infinity":2,"s:52:57:57:Infinity":6,"f:63:16:63:32":3,"s:64:18:66:Infinity":7,"b:65:6:65:Infinity:66:6:66:Infinity":3,"s:68:2:77:Infinity":8}}}
,"C:\\Users\\Dylan\\FiveSquared\\Repos\\NewMonorepo\\worldkit-vscode\\shared\\src\\nodeKind.ts": {"path":"C:\\Users\\Dylan\\FiveSquared\\Repos\\NewMonorepo\\worldkit-vscode\\shared\\src\\nodeKind.ts","statementMap":{"0":{"start":{"line":5,"column":7},"end":{"line":45,"column":null}},"1":{"start":{"line":7,"column":2},"end":{"line":7,"column":null}},"2":{"start":{"line":8,"column":2},"end":{"line":8,"column":null}},"3":{"start":{"line":9,"column":2},"end":{"line":9,"column":null}},"4":{"start":{"line":10,"column":2},"end":{"line":10,"column":null}},"5":{"start":{"line":13,"column":2},"end":{"line":13,"column":null}},"6":{"start":{"line":14,"column":2},"end":{"line":14,"column":null}},"7":{"start":{"line":15,"column":2},"end":{"line":15,"column":null}},"8":{"start":{"line":16,"column":2},"end":{"line":16,"column":null}},"9":{"start":{"line":17,"column":2},"end":{"line":17,"column":null}},"10":{"start":{"line":18,"column":2},"end":{"line":18,"column":null}},"11":{"start":{"line":21,"column":2},"end":{"line":21,"column":null}},"12":{"start":{"line":22,"column":2},"end":{"line":22,"column":null}},"13":{"start":{"line":23,"column":2},"end":{"line":23,"column":null}},"14":{"start":{"line":24,"column":2},"end":{"line":24,"column":null}},"15":{"start":{"line":25,"column":2},"end":{"line":25,"column":null}},"16":{"start":{"line":26,"column":2},"end":{"line":26,"column":null}},"17":{"start":{"line":27,"column":2},"end":{"line":27,"column":null}},"18":{"start":{"line":30,"column":2},"end":{"line":30,"column":null}},"19":{"start":{"line":31,"column":2},"end":{"line":31,"column":null}},"20":{"start":{"line":32,"column":2},"end":{"line":32,"column":null}},"21":{"start":{"line":33,"column":2},"end":{"line":33,"column":null}},"22":{"start":{"line":34,"column":2},"end":{"line":34,"column":null}},"23":{"start":{"line":37,"column":2},"end":{"line":37,"column":null}},"24":{"start":{"line":38,"column":2},"end":{"line":38,"column":null}},"25":{"start":{"line":41,"column":2},"end":{"line":41,"column":null}},"26":{"start":{"line":42,"column":2},"end":{"line":42,"column":null}},"27":{"start":{"line":43,"column":2},"end":{"line":43,"column":null}},"28":{"start":{"line":44,"column":2},"end":{"line":44,"column":null}},"29":{"start":{"line":48,"column":56},"end":{"line":71,"column":null}},"30":{"start":{"line":78,"column":2},"end":{"line":78,"column":null}}},"fnMap":{"0":{"name":"(anonymous_0)","decl":{"start":{"line":5,"column":7},"end":{"line":5,"column":12}},"loc":{"start":{"line":5,"column":7},"end":{"line":45,"column":null}},"line":5},"1":{"name":"tagNameToKind","decl":{"start":{"line":77,"column":16},"end":{"line":77,"column":30}},"loc":{"start":{"line":77,"column":57},"end":{"line":78,"column":null}},"line":77}},"branchMap":{"0":{"loc":{"start":{"line":78,"column":9},"end":{"line":78,"column":null}},"type":"binary-expr","locations":[{"start":{"line":78,"column":9},"end":{"line":78,"column":47}},{"start":{"line":78,"column":47},"end":{"line":78,"column":null}}],"line":78}},"s":{"0":11,"1":11,"2":11,"3":11,"4":11,"5":11,"6":11,"7":11,"8":11,"9":11,"10":11,"11":11,"12":11,"13":11,"14":11,"15":11,"16":11,"17":11,"18":11,"19":11,"20":11,"21":11,"22":11,"23":11,"24":11,"25":11,"26":11,"27":11,"28":11,"29":11,"30":672},"f":{"0":11,"1":672},"b":{"0":[672,9]},"meta":{"lastBranch":1,"lastFunction":2,"lastStatement":31,"seen":{"s:5:7:45:Infinity":0,"f:5:7:5:12":0,"s:7:2:7:Infinity":1,"s:8:2:8:Infinity":2,"s:9:2:9:Infinity":3,"s:10:2:10:Infinity":4,"s:13:2:13:Infinity":5,"s:14:2:14:Infinity":6,"s:15:2:15:Infinity":7,"s:16:2:16:Infinity":8,"s:17:2:17:Infinity":9,"s:18:2:18:Infinity":10,"s:21:2:21:Infinity":11,"s:22:2:22:Infinity":12,"s:23:2:23:Infinity":13,"s:24:2:24:Infinity":14,"s:25:2:25:Infinity":15,"s:26:2:26:Infinity":16,"s:27:2:27:Infinity":17,"s:30:2:30:Infinity":18,"s:31:2:31:Infinity":19,"s:32:2:32:Infinity":20,"s:33:2:33:Infinity":21,"s:34:2:34:Infinity":22,"s:37:2:37:Infinity":23,"s:38:2:38:Infinity":24,"s:41:2:41:Infinity":25,"s:42:2:42:Infinity":26,"s:43:2:43:Infinity":27,"s:44:2:44:Infinity":28,"s:48:56:71:Infinity":29,"f:77:16:77:30":1,"s:78:2:78:Infinity":30,"b:78:9:78:47:78:47:78:Infinity":0}}}
,"C:\\Users\\Dylan\\FiveSquared\\Repos\\NewMonorepo\\worldkit-vscode\\shared\\src\\nodeUtils.ts": {"path":"C:\\Users\\Dylan\\FiveSquared\\Repos\\NewMonorepo\\worldkit-vscode\\shared\\src\\nodeUtils.ts","statementMap":{"0":{"start":{"line":7,"column":2},"end":{"line":7,"column":null}},"1":{"start":{"line":11,"column":2},"end":{"line":11,"column":null}},"2":{"start":{"line":15,"column":2},"end":{"line":15,"column":null}},"3":{"start":{"line":19,"column":2},"end":{"line":19,"column":null}},"4":{"start":{"line":23,"column":2},"end":{"line":23,"column":null}},"5":{"start":{"line":27,"column":2},"end":{"line":27,"column":null}},"6":{"start":{"line":31,"column":2},"end":{"line":31,"column":null}},"7":{"start":{"line":45,"column":23},"end":{"line":45,"column":44}},"8":{"start":{"line":46,"column":2},"end":{"line":48,"column":null}},"9":{"start":{"line":47,"column":4},"end":{"line":48,"column":null}},"10":{"start":{"line":48,"column":6},"end":{"line":48,"column":null}},"11":{"start":{"line":51,"column":2},"end":{"line":51,"column":null}},"12":{"start":{"line":58,"column":30},"end":{"line":58,"column":32}},"13":{"start":{"line":59,"column":2},"end":{"line":63,"column":null}},"14":{"start":{"line":61,"column":6},"end":{"line":61,"column":null}},"15":{"start":{"line":61,"column":27},"end":{"line":61,"column":null}},"16":{"start":{"line":64,"column":2},"end":{"line":64,"column":null}},"17":{"start":{"line":79,"column":15},"end":{"line":79,"column":null}},"18":{"start":{"line":80,"column":2},"end":{"line":80,"column":null}},"19":{"start":{"line":91,"column":2},"end":{"line":96,"column":null}},"20":{"start":{"line":97,"column":2},"end":{"line":97,"column":null}},"21":{"start":{"line":98,"column":2},"end":{"line":98,"column":null}},"22":{"start":{"line":99,"column":2},"end":{"line":99,"column":null}},"23":{"start":{"line":100,"column":2},"end":{"line":107,"column":null}},"24":{"start":{"line":101,"column":4},"end":{"line":101,"column":null}},"25":{"start":{"line":102,"column":4},"end":{"line":102,"column":null}},"26":{"start":{"line":103,"column":4},"end":{"line":103,"column":null}},"27":{"start":{"line":104,"column":4},"end":{"line":104,"column":null}},"28":{"start":{"line":105,"column":4},"end":{"line":105,"column":null}},"29":{"start":{"line":106,"column":4},"end":{"line":106,"column":null}},"30":{"start":{"line":107,"column":4},"end":{"line":107,"column":null}},"31":{"start":{"line":109,"column":2},"end":{"line":109,"column":null}},"32":{"start":{"line":110,"column":2},"end":{"line":111,"column":null}},"33":{"start":{"line":111,"column":4},"end":{"line":111,"column":null}},"34":{"start":{"line":113,"column":2},"end":{"line":113,"column":null}},"35":{"start":{"line":114,"column":2},"end":{"line":114,"column":null}},"36":{"start":{"line":115,"column":2},"end":{"line":115,"column":null}}},"fnMap":{"0":{"name":"isErrorNode","decl":{"start":{"line":6,"column":16},"end":{"line":6,"column":28}},"loc":{"start":{"line":6,"column":63},"end":{"line":7,"column":null}},"line":6},"1":{"name":"isWorldNode","decl":{"start":{"line":10,"column":16},"end":{"line":10,"column":28}},"loc":{"start":{"line":10,"column":89},"end":{"line":11,"column":null}},"line":10},"2":{"name":"isEntityNode","decl":{"start":{"line":14,"column":16},"end":{"line":14,"column":29}},"loc":{"start":{"line":14,"column":91},"end":{"line":15,"column":null}},"line":14},"3":{"name":"isEntitiesNode","decl":{"start":{"line":18,"column":16},"end":{"line":18,"column":31}},"loc":{"start":{"line":18,"column":95},"end":{"line":19,"column":null}},"line":18},"4":{"name":"isEnvironmentNode","decl":{"start":{"line":22,"column":16},"end":{"line":22,"column":34}},"loc":{"start":{"line":22,"column":101},"end":{"line":23,"column":null}},"line":22},"5":{"name":"isDocumentNode","decl":{"start":{"line":26,"column":16},"end":{"line":26,"column":31}},"loc":{"start":{"line":26,"column":95},"end":{"line":27,"column":null}},"line":26},"6":{"name":"isUnknownNode","decl":{"start":{"line":30,"column":16},"end":{"line":30,"column":30}},"loc":{"start":{"line":30,"column":93},"end":{"line":31,"column":null}},"line":30},"7":{"name":"visitNode","decl":{"start":{"line":44,"column":16},"end":{"line":44,"column":26}},"loc":{"start":{"line":44,"column":70},"end":{"line":51,"column":null}},"line":44},"8":{"name":"findNodes","decl":{"start":{"line":57,"column":16},"end":{"line":57,"column":26}},"loc":{"start":{"line":57,"column":94},"end":{"line":64,"column":null}},"line":57},"9":{"name":"(anonymous_9)","decl":{"start":{"line":60,"column":4},"end":{"line":60,"column":10}},"loc":{"start":{"line":60,"column":16},"end":{"line":63,"column":4}},"line":60},"10":{"name":"buildNodePath","decl":{"start":{"line":73,"column":16},"end":{"line":73,"column":null}},"loc":{"start":{"line":78,"column":10},"end":{"line":80,"column":null}},"line":78},"11":{"name":"deepFreeze","decl":{"start":{"line":89,"column":16},"end":{"line":89,"column":27}},"loc":{"start":{"line":89,"column":60},"end":{"line":115,"column":null}},"line":89}},"branchMap":{"0":{"loc":{"start":{"line":46,"column":2},"end":{"line":48,"column":null}},"type":"if","locations":[{"start":{"line":46,"column":2},"end":{"line":48,"column":null}},{"start":{},"end":{}}],"line":46},"1":{"loc":{"start":{"line":61,"column":6},"end":{"line":61,"column":null}},"type":"if","locations":[{"start":{"line":61,"column":6},"end":{"line":61,"column":null}},{"start":{},"end":{}}],"line":61},"2":{"loc":{"start":{"line":79,"column":15},"end":{"line":79,"column":null}},"type":"cond-expr","locations":[{"start":{"line":79,"column":36},"end":{"line":79,"column":52}},{"start":{"line":79,"column":52},"end":{"line":79,"column":null}}],"line":79},"3":{"loc":{"start":{"line":80,"column":9},"end":{"line":80,"column":null}},"type":"cond-expr","locations":[{"start":{"line":80,"column":28},"end":{"line":80,"column":57}},{"start":{"line":80,"column":57},"end":{"line":80,"column":null}}],"line":80}},"s":{"0":88,"1":22,"2":73,"3":2,"4":2,"5":101,"6":2,"7":103786,"8":103786,"9":3768,"10":102642,"11":103786,"12":29,"13":29,"14":154,"15":41,"16":29,"17":655,"18":655,"19":902,"20":902,"21":902,"22":902,"23":902,"24":628,"25":628,"26":628,"27":628,"28":628,"29":628,"30":628,"31":902,"32":902,"33":737,"34":902,"35":902,"36":902},"f":{"0":88,"1":22,"2":73,"3":2,"4":2,"5":101,"6":2,"7":103786,"8":29,"9":154,"10":655,"11":902},"b":{"0":[3768,100018],"1":[41,113],"2":[159,496],"3":[148,507]},"meta":{"lastBranch":4,"lastFunction":12,"lastStatement":37,"seen":{"f:6:16:6:28":0,"s:7:2:7:Infinity":0,"f:10:16:10:28":1,"s:11:2:11:Infinity":1,"f:14:16:14:29":2,"s:15:2:15:Infinity":2,"f:18:16:18:31":3,"s:19:2:19:Infinity":3,"f:22:16:22:34":4,"s:23:2:23:Infinity":4,"f:26:16:26:31":5,"s:27:2:27:Infinity":5,"f:30:16:30:30":6,"s:31:2:31:Infinity":6,"f:44:16:44:26":7,"s:45:23:45:44":7,"b:46:2:48:Infinity:undefined:undefined:undefined:undefined":0,"s:46:2:48:Infinity":8,"s:47:4:48:Infinity":9,"s:48:6:48:Infinity":10,"s:51:2:51:Infinity":11,"f:57:16:57:26":8,"s:58:30:58:32":12,"s:59:2:63:Infinity":13,"f:60:4:60:10":9,"b:61:6:61:Infinity:undefined:undefined:undefined:undefined":1,"s:61:6:61:Infinity":14,"s:61:27:61:Infinity":15,"s:64:2:64:Infinity":16,"f:73:16:73:Infinity":10,"s:79:15:79:Infinity":17,"b:79:36:79:52:79:52:79:Infinity":2,"s:80:2:80:Infinity":18,"b:80:28:80:57:80:57:80:Infinity":3,"f:89:16:89:27":11,"s:91:2:96:Infinity":19,"s:97:2:97:Infinity":20,"s:98:2:98:Infinity":21,"s:99:2:99:Infinity":22,"s:100:2:107:Infinity":23,"s:101:4:101:Infinity":24,"s:102:4:102:Infinity":25,"s:103:4:103:Infinity":26,"s:104:4:104:Infinity":27,"s:105:4:105:Infinity":28,"s:106:4:106:Infinity":29,"s:107:4:107:Infinity":30,"s:109:2:109:Infinity":31,"s:110:2:111:Infinity":32,"s:111:4:111:Infinity":33,"s:113:2:113:Infinity":34,"s:114:2:114:Infinity":35,"s:115:2:115:Infinity":36}}}
,"C:\\Users\\Dylan\\FiveSquared\\Repos\\NewMonorepo\\worldkit-vscode\\shared\\src\\sceneTypes.ts": {"path":"C:\\Users\\Dylan\\FiveSquared\\Repos\\NewMonorepo\\worldkit-vscode\\shared\\src\\sceneTypes.ts","statementMap":{},"fnMap":{},"branchMap":{},"s":{},"f":{},"b":{},"meta":{"lastBranch":0,"lastFunction":0,"lastStatement":0,"seen":{}}}
,"C:\\Users\\Dylan\\FiveSquared\\Repos\\NewMonorepo\\worldkit-vscode\\shared\\src\\vemlSchema.ts": {"path":"C:\\Users\\Dylan\\FiveSquared\\Repos\\NewMonorepo\\worldkit-vscode\\shared\\src\\vemlSchema.ts","statementMap":{"0":{"start":{"line":24,"column":24},"end":{"line":28,"column":null}},"1":{"start":{"line":32,"column":37},"end":{"line":289,"column":null}},"2":{"start":{"line":294,"column":61},"end":{"line":294,"column":null}},"3":{"start":{"line":296,"column":18},"end":{"line":297,"column":null}},"4":{"start":{"line":297,"column":21},"end":{"line":297,"column":35}},"5":{"start":{"line":301,"column":54},"end":{"line":301,"column":83}},"6":{"start":{"line":301,"column":73},"end":{"line":301,"column":83}},"7":{"start":{"line":308,"column":2},"end":{"line":308,"column":null}}},"fnMap":{"0":{"name":"(anonymous_0)","decl":{"start":{"line":297,"column":10},"end":{"line":297,"column":15}},"loc":{"start":{"line":297,"column":21},"end":{"line":297,"column":35}},"line":297},"1":{"name":"(anonymous_1)","decl":{"start":{"line":301,"column":62},"end":{"line":301,"column":67}},"loc":{"start":{"line":301,"column":73},"end":{"line":301,"column":83}},"line":301},"2":{"name":"getElementSchema","decl":{"start":{"line":307,"column":16},"end":{"line":307,"column":33}},"loc":{"start":{"line":307,"column":81},"end":{"line":308,"column":null}},"line":307}},"branchMap":{},"s":{"0":10,"1":10,"2":10,"3":10,"4":220,"5":10,"6":220,"7":7303},"f":{"0":220,"1":220,"2":7303},"b":{},"meta":{"lastBranch":0,"lastFunction":3,"lastStatement":8,"seen":{"s:24:24:28:Infinity":0,"s:32:37:289:Infinity":1,"s:294:61:294:Infinity":2,"s:296:18:297:Infinity":3,"f:297:10:297:15":0,"s:297:21:297:35":4,"s:301:54:301:83":5,"f:301:62:301:67":1,"s:301:73:301:83":6,"f:307:16:307:33":2,"s:308:2:308:Infinity":7}}}
}
